L9~gs.compute.log.85.15-09-2019_11:29 PM 86946 INFO gs.compute.resource_tracker [ req-dwqbe1-9bc6-vla0s-jfinu ] "GET /latest/meta-data/block-device-mapping/root HTTP/1.1" status: 404 len: 7453 time: 0.8426843
L10~gs.compute.log.81.14-09-2019_01:49 AM 45273 INFO gs.openstack.wsgi.server [ req-ndrl-53ijn-h9pg ] "GET /latest/meta-data/block-device-mapping/root HTTP/1.1" status: 404 len: 2438 time: 0.1257126
L123~gs.compute.log.75.14-09-2019_07:13 PM 61669 INFO gs.openapi.server [ req-0v4wr-kd1q-8sa2 ] "GET /latest/meta-data/block-device-mapping/root HTTP/1.1" status: 200 len: 5501 time: 0.5662566
L136~gs.compute.log.93.05-09-2019_10:35 AM 25101 INFO gs.api.openstack.compute.wsgi [ req-3fmy-zwa26p-uh29c-q2kdp-z210 ] "GET /latest/meta-data/block-device-mapping/root HTTP/1.1" status: 200 len: 3727 time: 0.1834183
L171~gs.compute.log.93.02-09-2019_07:46 AM 6329 INFO gs.resource.claims [ req-yafw5-50frl-6ot1r-b0u4v ] "GET /latest/meta-data/block-device-mapping/root HTTP/1.1" status: 404 len: 2823 time: 0.0155016
L174~gs.compute.log.94.09-09-2019_09:10 AM 99383 INFO gs.resource.claims [ req-pkgfom-nhwlbg-78jxq-p2860 ] "GET /latest/meta-data/block-device-mapping/root HTTP/1.1" status: 404 len: 4657 time: 0.6960696
L262~gs.compute.log.38.10-09-2019_09:24 AM 74431 INFO gs.compute.resource_tracker [ req-sxer-1pje6m-jk6v1l ] "GET /latest/meta-data/block-device-mapping/root HTTP/1.1" status: 404 len: 7085 time: 0.090209
L266~gs.compute.log.39.12-09-2019_01:21 PM 1844 INFO gs.compute.manager [ req-jr7s2-c3mgjr-4d8fin-bo2j1i ] "GET /latest/meta-data/block-device-mapping/root HTTP/1.1" status: 200 len: 2005 time: 0.6661666
L271~gs.compute.log.27.08-09-2019_03:04 AM 77737 INFO gs.openstack.server [ req-ed9k-p2860-zwa26p-ved5la-9top1 ] "GET /latest/meta-data/block-device-mapping/root HTTP/1.1" status: 200 len: 1803 time: 0.9953995
L342~gs.compute.log.64.10-09-2019_11:12 PM 4196 INFO gs.openstack.wsgi.server [ req-8mkw-6nub-ws0mh-jfinu-wst3yd ] "GET /latest/meta-data/block-device-mapping/root HTTP/1.1" status: 200 len: 5501 time: 0.730273
L367~gs.compute.log.94.02-09-2019_01:58 AM 79076 INFO gs.compute.manager [ req-4t85u-qo8v0u-ubec-v3fcs-myq6t ] "GET /latest/meta-data/block-device-mapping/root HTTP/1.1" status: 200 len: 6880 time: 0.6185619
L381~gs.compute.log.74.12-09-2019_03:55 AM 44532 INFO gs.api.openstack.compute.wsgi [ req-ugkq-seht-tdsx-hliy2-4vtbmc ] "GET /latest/meta-data/block-device-mapping/root HTTP/1.1" status: 404 len: 6303 time: 0.3416342
L400~gs.compute.log.74.14-09-2019_06:38 PM 51674 INFO gs.compute.resource_tracker [ req-x2rl-v3fcs-uab0iz-j1yt ] "GET /latest/meta-data/block-device-mapping/root HTTP/1.1" status: 200 len: 2636 time: 0.2110211
L426~gs.compute.log.80.04-09-2019_11:09 PM 67615 INFO gs.api.openapi.compute.wsgi [ req-pt2zo-dr2nm-2bi3-ndrl ] "GET /latest/meta-data/block-device-mapping/root HTTP/1.1" status: 404 len: 9307 time: 0.320032
L512~gs.compute.log.74.11-09-2019_06:59 PM 5814 INFO gs.resource.manager [ req-kh485z-9ifn-jlb62-5u3f-xms9j ] "GET /latest/meta-data/block-device-mapping/root HTTP/1.1" status: 404 len: 3546 time: 0.4211421
L539~gs.compute.log.34.10-09-2019_07:07 AM 73252 INFO gs.openstack.wsgi.server [ req-2aque-d7zuw6-1yaqrz ] "GET /latest/meta-data/block-device-mapping/root HTTP/1.1" status: 404 len: 2805 time: 0.4381438
L589~gs.compute.log.97.04-09-2019_06:30 AM 84174 INFO gs.api.openstack.compute.wsgi [ req-4fsdei-1zaf04-ufxz-iv6no ] "GET /latest/meta-data/block-device-mapping/root HTTP/1.1" status: 404 len: 7623 time: 0.2137214
L591~gs.compute.log.89.11-09-2019_07:09 PM 15746 INFO gs.api.openapi.compute.wsgi [ req-d7zuw6-uh29c-54er ] "GET /latest/meta-data/block-device-mapping/root HTTP/1.1" status: 200 len: 851 time: 0.5932593
L609~gs.compute.log.80.10-09-2019_03:00 AM 7795 INFO gs.resource.resource_tracker [ req-ydp4fa-i6qn3-kd1q ] "GET /latest/meta-data/block-device-mapping/root HTTP/1.1" status: 404 len: 3821 time: 0.0387039
L718~gs.compute.log.27.02-09-2019_04:09 PM 48475 INFO gs.compute.manager [ req-sngw-5bkrt-3g0j6 ] "GET /latest/meta-data/block-device-mapping/root HTTP/1.1" status: 200 len: 3854 time: 0.060206
L731~gs.compute.log.37.06-09-2019_04:06 AM 88958 INFO gs.openapi.server [ req-d7zuw6-1khtw-5ji8 ] "GET /latest/meta-data/block-device-mapping/root HTTP/1.1" status: 404 len: 4102 time: 0.7442744
L743~gs.compute.log.10.04-09-2019_01:30 AM 92552 INFO gs.compute.resource_tracker [ req-krg2v9-er9xy-iz71 ] "GET /latest/meta-data/block-device-mapping/root HTTP/1.1" status: 200 len: 1056 time: 0.2186219
L745~gs.compute.log.15.07-09-2019_06:55 AM 73838 INFO gs.openstack.server [ req-hjnbup-pt2zo-n8jsx-nji3-4d8fin ] "GET /latest/meta-data/block-device-mapping/root HTTP/1.1" status: 404 len: 1658 time: 0.6055606
L755~gs.compute.log.45.05-09-2019_12:29 AM 77693 INFO gs.resource.claims [ req-4uz8-z7ugl6-9a7mre-ndrl ] "GET /latest/meta-data/block-device-mapping/root HTTP/1.1" status: 200 len: 5749 time: 0.9879988
L926~gs.compute.log.59.02-09-2019_02:45 PM 2534 INFO gs.resource.resource_tracker [ req-mzou-y9mjwk-khe4zp-e7bt8n ] "GET /latest/meta-data/block-device-mapping/root HTTP/1.1" status: 404 len: 8030 time: 0.8982898
L968~gs.compute.log.31.14-09-2019_12:22 PM 63534 INFO gs.api.openstack.compute.wsgi [ req-e8uxd-4cz1n-92h5 ] "GET /latest/meta-data/block-device-mapping/root HTTP/1.1" status: 200 len: 6644 time: 0.0844084
L1004~gs.compute.log.16.03-09-2019_11:04 AM 79076 INFO gs.openapi.server [ req-0n37-ovjcx-sy65tl-g195y-9fqgh ] "GET /latest/meta-data/block-device-mapping/root HTTP/1.1" status: 404 len: 5627 time: 0.0847085
L1022~gs.compute.log.46.10-09-2019_12:43 AM 31038 INFO gs.api.openstack.compute.wsgi [ req-hfujap-voa1-cnklvu ] "GET /latest/meta-data/block-device-mapping/root HTTP/1.1" status: 200 len: 754 time: 0.8013801
L1046~gs.compute.log.60.04-09-2019_02:35 PM 12774 INFO gs.openstack.wsgi.server [ req-4nbsil-xms9j-fysr ] "GET /latest/meta-data/block-device-mapping/root HTTP/1.1" status: 404 len: 7888 time: 0.9418942
