L6~gs.api.log.18_Sep 04, 2019_01:16:00 7874 INFO gs.compute.manager [ req-1aeb-fysr-n7w9u-gyb4k-xp7z ] "POST /v2/fpzkcurqo9xst6i8hn0eam57w3bvj2l1/servers/details HTTP/1.1" status: 404 len: 7929 time: 0.7310731
L19~gs.api.log.52_Sep 14, 2019_22:28:00 64148 INFO gs.compute.resource_tracker [ req-hjnbup-9abg-258dx-hfujap ] "DELETE /v2/f2nkz19tlogayr3heic4jvb0w785u6xd/servers/details HTTP/1.1" status: 200 len: 9259 time: 0.8628863
L26~gs.api.log.44_Sep 07, 2019_03:14:00 20661 INFO gs.openapi.wsgi.server [ req-nxlm1-jr7s2-moywpf-c3mgjr ] "DELETE /v2/87zt2vipax3mhey5uj6nkcwr/servers/details HTTP/1.1" status: 202 len: 9612 time: 0.7443744
L49~gs.api.log.68_Sep 02, 2019_11:24:00 6367 INFO gs.openstack.server [ req-4fsdei-ydjr7v-h4bjn ] "GET /v2/3zosx1m928rvu5tq/servers/details HTTP/1.1" status: 204 len: 9027 time: 0.1307131
L53~gs.api.log.13_Sep 15, 2019_23:51:00 13691 INFO gs.resource.resource_tracker [ req-ydjr7v-jk6v1l-iv6no ] "POST /v2/8t50l2r1pqwhoex3vmzi4dcnab9ukfjg/servers/details HTTP/1.1" status: 200 len: 1427 time: 0.3939394
L75~gs.api.log.28_Sep 07, 2019_12:10:00 11242 INFO gs.resource.resource_tracker [ req-lem3a-rhezju-igbe5-ioxmw ] "DELETE /v2/gvpthsumkqf8odlabcinwr09613e5x7z/servers/details HTTP/1.1" status: 202 len: 9508 time: 0.1889189
L82~gs.api.log.38_Sep 11, 2019_12:58:00 15507 INFO gs.openapi.server [ req-3oh07-iz71-ufwp ] "GET /v2/nso0aiv4f7db8m16/servers/details HTTP/1.1" status: 204 len: 9029 time: 0.9813981
L96~gs.api.log.14_Sep 10, 2019_22:40:00 91144 INFO gs.resource.manager [ req-n7w9u-wst3yd-6do12x-vhgtcd-zrbjc8 ] "DELETE /v2/ibzrjqvwgf380eaox41d9n52/servers/details HTTP/1.1" status: 404 len: 5437 time: 0.7268727
L130~gs.api.log.10_Sep 02, 2019_13:33:00 49036 INFO gs.openstack.wsgi.server [ req-nhwlbg-hg2m1-8t9m-37c9b-7gtvf9 ] "POST /v2/o8j1hbdrceln23q9/servers/details HTTP/1.1" status: 200 len: 6975 time: 0.3230323
L161~gs.api.log.90_Sep 08, 2019_18:13:00 44127 INFO gs.openstack.wsgi.server [ req-y9a5i-l89bg-u50a ] "DELETE /v2/gsveiutf9bm7zw1564r0chpd/servers/details HTTP/1.1" status: 200 len: 9951 time: 0.8937894
L196~gs.api.log.65_Sep 11, 2019_20:54:00 6934 INFO gs.compute.resource_tracker [ req-nxlm1-1yaqrz-rsjok9 ] "DELETE /v2/4fd09mv51npukwacl362z8b7tjhqeixo/servers/details HTTP/1.1" status: 200 len: 9038 time: 0.1869187
L221~gs.api.log.78_Sep 11, 2019_17:23:00 25158 INFO gs.openapi.server [ req-t8i3f-0h4m-3fmy-kw0tiv ] "GET /v2/wekcaxp5myq3luvdnhj029r6/servers/details HTTP/1.1" status: 202 len: 3917 time: 0.0511051
L223~gs.api.log.74_Sep 02, 2019_13:22:00 6216 INFO gs.openapi.server [ req-8dkjs1-tdsx-gyb4k-v7y98 ] "POST /v2/xo7t6djhc98ubqi51zrfa0k4/servers/details HTTP/1.1" status: 200 len: 9803 time: 0.7168717
L250~gs.api.log.59_Sep 06, 2019_08:28:00 43250 INFO gs.api.openstack.compute.wsgi [ req-57sy1o-nv8jct-bql5g-lx5g-6fcpz3 ] "DELETE /v2/ayc94r308ivszeb1/servers/details HTTP/1.1" status: 404 len: 2785 time: 0.2186219
L251~gs.api.log.15_Sep 08, 2019_10:28:00 83770 INFO gs.api.openstack.compute.wsgi [ req-rhezju-7vse1y-9jx42-jk6v1l ] "GET /v2/f45vngkmceol63d21sutp80x/servers/details HTTP/1.1" status: 200 len: 8353 time: 0.3761376
L268~gs.api.log.66_Sep 03, 2019_00:51:00 78471 INFO gs.openstack.server [ req-x52i0-2clbx-4nbsil ] "DELETE /v2/2kbl3ut9xhdwq1evi65aofjpzrsmycn0/servers/details HTTP/1.1" status: 202 len: 1810 time: 0.8517852
L288~gs.api.log.83_Sep 07, 2019_12:33:00 78758 INFO gs.openapi.wsgi.server [ req-pkgfom-nhwlbg-78jxq-p2860 ] "GET /v2/ia38srd41ukxlm2e/servers/details HTTP/1.1" status: 404 len: 5355 time: 0.5282528
L289~gs.api.log.80_Sep 04, 2019_20:13:00 40433 INFO gs.api.openapi.compute.wsgi [ req-n6g4-1yaqrz-cgksh2-zrbjc8-tn296 ] "POST /v2/6tp8uaifeow0xd5y4n37m1jl/servers/details HTTP/1.1" status: 202 len: 7688 time: 0.8827883
L321~gs.api.log.46_Sep 06, 2019_11:10:00 16598 INFO gs.openstack.server [ req-pkgfom-nhwlbg-78jxq-p2860 ] "GET /v2/gc4hsmrvf1bt9q6w/servers/details HTTP/1.1" status: 404 len: 4181 time: 0.5906591
L339~gs.api.log.81_Sep 09, 2019_14:03:00 63066 INFO gs.compute.manager [ req-hjnbup-ntaj-a7s4-mzou-u9qae ] "DELETE /v2/ikyj7l5qw6bord4fatemx1hz/servers/details HTTP/1.1" status: 202 len: 3634 time: 0.3992399
L347~gs.api.log.39_Sep 15, 2019_15:18:00 67958 INFO gs.openstack.wsgi.server [ req-b7con1-ansf0b-hgusmt ] "POST /v2/bc4o6gljw7tey5kn/servers/details HTTP/1.1" status: 404 len: 2650 time: 0.3542354
L399~gs.api.log.37_Sep 05, 2019_04:05:00 28186 INFO gs.openstack.wsgi.server [ req-jd74zt-43bt7y-m23xr-kd5eu ] "POST /v2/zsft2jadwbc7vg16ri3e9uy5/servers/details HTTP/1.1" status: 200 len: 4462 time: 0.9809981
L407~gs.api.log.46_Sep 12, 2019_21:45:00 19615 INFO gs.compute.resource_tracker [ req-9top1-6arqu-wst3yd-w4q2-ws0mh ] "POST /v2/lvieo63s0fhnmt21/servers/details HTTP/1.1" status: 202 len: 4174 time: 0.0289029
L414~gs.api.log.34_Sep 03, 2019_18:18:00 21765 INFO gs.openapi.wsgi.server [ req-4uz8-z7ugl6-9a7mre-ndrl ] "DELETE /v2/lvieo63s0fhnmt21/servers/details HTTP/1.1" status: 404 len: 2816 time: 0.1125113
L425~gs.api.log.61_Sep 13, 2019_04:58:00 23800 INFO gs.openapi.server [ req-7jmh-ugkq-a7s4-6wl35r ] "DELETE /v2/h2lmdn643arxjfu8/servers/details HTTP/1.1" status: 204 len: 6537 time: 0.1205121
L430~gs.api.log.33_Sep 11, 2019_13:53:00 93156 INFO gs.openstack.server [ req-1zqaf-gux0-jvlt ] "POST /v2/569yk3jbsmpc1ui0n2f8v7xagwl4rqez/servers/details HTTP/1.1" status: 204 len: 1895 time: 0.0161016
L452~gs.api.log.55_Sep 13, 2019_05:28:00 62818 INFO gs.compute.manager [ req-pkgfom-nhwlbg-78jxq-p2860 ] "GET /v2/cw9tasyijxhvlpu4/servers/details HTTP/1.1" status: 202 len: 5170 time: 0.0580058
L453~gs.api.log.59_Sep 14, 2019_01:49:00 37353 INFO gs.compute.resource_tracker [ req-ywof1-rbdla-2aque-8t26-95ewzi ] "POST /v2/qrn5ctv98o2fami4e17g3pwj/servers/details HTTP/1.1" status: 404 len: 2396 time: 0.1333133
L501~gs.api.log.64_Sep 14, 2019_15:17:00 68819 INFO gs.compute.manager [ req-x2rl-7vse1y-lxad0 ] "POST /v2/o8j1hbdrceln23q9/servers/details HTTP/1.1" status: 204 len: 2396 time: 0.4185419
L507~gs.api.log.61_Sep 06, 2019_23:42:00 40888 INFO gs.openstack.server [ req-wud8m-ydjr7v-10wn ] "POST /v2/oh1r9pb6meisutnwv8afz2g7/servers/details HTTP/1.1" status: 404 len: 1432 time: 0.4605461
L508~gs.api.log.40_Sep 14, 2019_15:42:00 84071 INFO gs.openstack.wsgi.server [ req-z210-cb8v-dr2nm-rpa9o-10wn ] "GET /v2/tajobpl91h3wkm4yr0zu5gqx/servers/details HTTP/1.1" status: 202 len: 8621 time: 0.4660466
L523~gs.api.log.82_Sep 04, 2019_21:12:00 81668 INFO gs.resource.claims [ req-d7zuw6-uh29c-54er ] "DELETE /v2/2hoe874i1t306ls9panqyjur/servers/details HTTP/1.1" status: 404 len: 3066 time: 0.1052105
L530~gs.api.log.92_Sep 06, 2019_03:17:00 71147 INFO gs.resource.claims [ req-7dxu2-57sy1o-vkcih-az74cj ] "DELETE /v2/9lds62jy71ra4bk5icztqghp/servers/details HTTP/1.1" status: 200 len: 2836 time: 0.4094409
L533~gs.api.log.20_Sep 04, 2019_17:10:00 32920 INFO gs.api.openapi.compute.wsgi [ req-1pje6m-8cqjwp-op4ryu-1eq4 ] "GET /v2/9lds62jy71ra4bk5icztqghp/servers/details HTTP/1.1" status: 202 len: 9718 time: 0.1194119
L544~gs.api.log.93_Sep 15, 2019_08:31:00 56038 INFO gs.openstack.wsgi.server [ req-wud8m-x2rl-mvdb8 ] "DELETE /v2/r7ct4kih6f1bs2l8pd3yma9j/servers/details HTTP/1.1" status: 202 len: 7848 time: 0.2943294
L552~gs.api.log.59_Sep 01, 2019_23:07:00 98091 INFO gs.openstack.server [ req-yafw5-50frl-6ot1r-b0u4v ] "DELETE /v2/51yr6mezo2gtbh8q0cujav3k/servers/details HTTP/1.1" status: 204 len: 8030 time: 0.9564956
L557~gs.api.log.23_Sep 01, 2019_07:29:00 89617 INFO gs.resource.claims [ req-cb4ngr-cnklvu-5ji8-ktiqb-4nbsil ] "DELETE /v2/gpxnwj16ms54o27cf8aez3lyivh9kqbu/servers/details HTTP/1.1" status: 204 len: 2650 time: 0.4369437
L563~gs.api.log.14_Sep 06, 2019_23:07:00 58621 INFO gs.api.openapi.compute.wsgi [ req-53ijn-e7bt8n-8zl7-7blvs ] "DELETE /v2/s8lxvi5mo34wtqje/servers/details HTTP/1.1" status: 204 len: 6080 time: 0.9414941
L567~gs.api.log.42_Sep 04, 2019_02:12:00 13691 INFO gs.resource.resource_tracker [ req-cz92j4-ugkq-bztu59 ] "DELETE /v2/7qtky2c139wipafxg8vzj4bs5rnlum0h/servers/details HTTP/1.1" status: 204 len: 850 time: 0.1105111
L587~gs.api.log.76_Sep 11, 2019_16:21:00 81668 INFO gs.api.openstack.compute.wsgi [ req-a32lk-6hb83-ptcl ] "POST /v2/zsft2jadwbc7vg16ri3e9uy5/servers/details HTTP/1.1" status: 200 len: 7998 time: 0.3957396
L595~gs.api.log.98_Sep 09, 2019_09:21:00 19568 INFO gs.openstack.server [ req-guc3-za7m-1k8xh-072ft ] "GET /v2/a3sf0z5ukv8c9mrnyjtlh2x4/servers/details HTTP/1.1" status: 404 len: 712 time: 0.4040404
L614~gs.api.log.35_Sep 04, 2019_10:48:00 87076 INFO gs.api.openapi.compute.wsgi [ req-i4k31-vleiy-voa1 ] "DELETE /v2/re4bvathc17lw5k3yg8j29xf/servers/details HTTP/1.1" status: 200 len: 9550 time: 0.3542354
L628~gs.api.log.75_Sep 08, 2019_14:07:00 77032 INFO gs.api.openstack.compute.wsgi [ req-7nxq-8913pu-rb23-3g0j6-sqwbf0 ] "POST /v2/azi3lo6bmp0cgw8x/servers/details HTTP/1.1" status: 202 len: 739 time: 0.6906691
L639~gs.api.log.44_Sep 12, 2019_23:30:00 80902 INFO gs.openapi.server [ req-1m82u-1ygsj-ufwp-xgom-voa1 ] "DELETE /v2/35xr6m0bzgwncosah1f9jituy7pq8ke2/servers/details HTTP/1.1" status: 404 len: 211 time: 0.2171217
L645~gs.api.log.14_Sep 06, 2019_09:41:00 74385 INFO gs.api.openapi.compute.wsgi [ req-n7w9u-tn296-gmw3 ] "POST /v2/x0u4i1g6n9r8alhwbmq3kfep/servers/details HTTP/1.1" status: 204 len: 6303 time: 0.9739974
L649~gs.api.log.58_Sep 01, 2019_15:28:00 45309 INFO gs.openstack.wsgi.server [ req-9y6vnd-0n37-x3fz-a7s4-e1ajgn ] "DELETE /v2/qwe10cj25yg79pan368mk4vz/servers/details HTTP/1.1" status: 200 len: 2484 time: 0.7264726
L650~gs.api.log.78_Sep 11, 2019_22:26:00 30003 INFO gs.api.openstack.compute.wsgi [ req-e8p6fh-s2ft-ed9k-fb9lk ] "POST /v2/6vsw1zenbl23pcmgikftq80r/servers/details HTTP/1.1" status: 200 len: 7996 time: 0.4152415
L667~gs.api.log.48_Sep 15, 2019_21:39:00 70610 INFO gs.openapi.server [ req-k4n8-7vse1y-6arqu-4agu ] "GET /v2/df6hjeu32g4vwois8mbtl9yp/servers/details HTTP/1.1" status: 404 len: 5725 time: 0.0356036
L669~gs.api.log.61_Sep 09, 2019_20:44:00 58286 INFO gs.openapi.wsgi.server [ req-kixja-glde-1ygsj-x0rpa-pn4q2 ] "DELETE /v2/bw2xh4v98ode6igsf1k75jru3l0pzytc/servers/details HTTP/1.1" status: 204 len: 753 time: 0.5309531
L692~gs.api.log.29_Sep 14, 2019_09:08:00 77165 INFO gs.openstack.wsgi.server [ req-du3mf-vyrl-rq1a ] "GET /v2/x4ky3odv5pq67e2g8csrwtah/servers/details HTTP/1.1" status: 200 len: 912 time: 0.6118612
L699~gs.api.log.14_Sep 03, 2019_01:49:00 76433 INFO gs.resource.manager [ req-1apj2-en3g-4yrq2-xkf8-gmw3 ] "GET /v2/c402udjs9tx6fezlkrqmy1ohgvp53na7/servers/details HTTP/1.1" status: 202 len: 9124 time: 0.6337634
L723~gs.api.log.81_Sep 15, 2019_10:12:00 56146 INFO gs.openstack.server [ req-r1qyx-voa1-uh29c ] "POST /v2/qpxisj6hw4v9onu02kgly17z/servers/details HTTP/1.1" status: 200 len: 211 time: 0.3738374
L733~gs.api.log.64_Sep 12, 2019_16:42:00 85247 INFO gs.openapi.wsgi.server [ req-2x0buc-x2sl-2u03 ] "GET /v2/fa3k8jo7tgldpe9z/servers/details HTTP/1.1" status: 204 len: 5608 time: 0.320032
L785~gs.api.log.86_Sep 15, 2019_00:24:00 77693 INFO gs.openstack.wsgi.server [ req-o20nek-lx5g-9bc6 ] "DELETE /v2/j3b94ye7q1rlz56tpdn20scfhkaxmogw/servers/details HTTP/1.1" status: 200 len: 7880 time: 0.5064506
L787~gs.api.log.67_Sep 06, 2019_10:53:00 55373 INFO gs.compute.resource_tracker [ req-n6g4-1yaqrz-cgksh2-zrbjc8-tn296 ] "GET /v2/idq1lkumer09oxcyt63g4wfh/servers/details HTTP/1.1" status: 202 len: 3601 time: 0.7453745
L790~gs.api.log.87_Sep 10, 2019_00:05:00 44115 INFO gs.compute.manager [ req-amlkt-l8ejk-cn6d-l89bg ] "GET /v2/b9whjcf0aq2r6ngzveyu47t3p81klxsm/servers/details HTTP/1.1" status: 202 len: 1921 time: 0.4063406
L798~gs.api.log.22_Sep 09, 2019_13:28:00 79872 INFO gs.resource.resource_tracker [ req-2pz8-ansf0b-1khtw-za7m ] "POST /v2/lhsyavj4ef6d037r/servers/details HTTP/1.1" status: 202 len: 5278 time: 0.6718672
L810~gs.api.log.38_Sep 03, 2019_01:13:00 6565 INFO gs.compute.resource_tracker [ req-3oh07-iz71-ufwp ] "DELETE /v2/4jbp1h8vsdiwqytfa3lo5nz297cxekmg/servers/details HTTP/1.1" status: 202 len: 8873 time: 0.9060906
L821~gs.api.log.55_Sep 07, 2019_10:17:00 78921 INFO gs.compute.resource_tracker [ req-6g9t-ydjr7v-0eyq-f1zgu ] "POST /v2/yw6k3ogjxf895iln/servers/details HTTP/1.1" status: 404 len: 5645 time: 0.9208921
L823~gs.api.log.60_Sep 10, 2019_16:19:00 83237 INFO gs.api.openapi.compute.wsgi [ req-rq1a-vla0s-57sy1o ] "POST /v2/50doct6mzliq8y2hxf1punk7/servers/details HTTP/1.1" status: 204 len: 8353 time: 0.8526853
L829~gs.api.log.86_Sep 10, 2019_02:29:00 31129 INFO gs.api.openapi.compute.wsgi [ req-wud8m-ydjr7v-10wn ] "POST /v2/h2lmdn643arxjfu8/servers/details HTTP/1.1" status: 404 len: 2816 time: 0.6785679
L834~gs.api.log.55_Sep 06, 2019_21:25:00 67556 INFO gs.compute.manager [ req-dw0s-itcrv8-x9cjd-gzm5sd ] "GET /v2/x5ame71d8poyb06w9lrtj3fq/servers/details HTTP/1.1" status: 200 len: 2779 time: 0.4347435
L837~gs.api.log.92_Sep 07, 2019_15:18:00 22535 INFO gs.openstack.server [ req-0v4wr-37c9b-2pz8 ] "GET /v2/d956nf14qpo3vbtkwyr7xzug0i2hj8as/servers/details HTTP/1.1" status: 204 len: 4107 time: 0.8050805
L838~gs.api.log.80_Sep 13, 2019_00:59:00 6303 INFO gs.openstack.server [ req-0fpkx-y9a5i-jlb62-8ohnb-9i57s ] "GET /v2/q4danv35mgico6wf/servers/details HTTP/1.1" status: 200 len: 6991 time: 0.8065807
L849~gs.api.log.58_Sep 13, 2019_23:30:00 31981 INFO gs.api.openstack.compute.wsgi [ req-z210-n80j6-1ygsj-cmhkf9-s2ft ] "POST /v2/o8j1hbdrceln23q9/servers/details HTTP/1.1" status: 404 len: 2396 time: 0.5772577
L853~gs.api.log.21_Sep 03, 2019_16:04:00 78680 INFO gs.openapi.wsgi.server [ req-wzp4ad-mqz98h-lem3a-unh6 ] "DELETE /v2/569yk3jbsmpc1ui0n2f8v7xagwl4rqez/servers/details HTTP/1.1" status: 202 len: 6957 time: 0.3906391
L865~gs.api.log.31_Sep 04, 2019_13:50:00 82992 INFO gs.resource.claims [ req-sngw-5bkrt-3g0j6 ] "DELETE /v2/aj2vruwmgxt5ni0df6ozc8y7q9sh3be1/servers/details HTTP/1.1" status: 202 len: 7888 time: 0.4873487
L881~gs.api.log.50_Sep 09, 2019_18:02:00 57344 INFO gs.resource.manager [ req-cm93ef-voi178-m23xr-cn6d-kixja ] "DELETE /v2/rdqe570ipmowflbu/servers/details HTTP/1.1" status: 200 len: 8403 time: 0.3542354
L882~gs.api.log.53_Sep 04, 2019_00:19:00 22981 INFO gs.resource.resource_tracker [ req-0v4wr-kd1q-8sa2 ] "GET /v2/h8v7xz3l4dbeuj21/servers/details HTTP/1.1" status: 202 len: 1328 time: 0.6945695
L900~gs.api.log.81_Sep 08, 2019_08:50:00 67958 INFO gs.api.openstack.compute.wsgi [ req-cm93ef-voi178-m23xr-cn6d-kixja ] "DELETE /v2/expd63razow0mnhuj5s8vikb/servers/details HTTP/1.1" status: 200 len: 4762 time: 0.5430543
L901~gs.api.log.41_Sep 15, 2019_23:44:00 89560 INFO gs.openapi.wsgi.server [ req-d7bus-cn6d-6g4iw0-1yaqrz ] "DELETE /v2/4uv06nzehtksbrcqdl8x72wm13gajp5o/servers/details HTTP/1.1" status: 202 len: 8842 time: 0.3076308
L939~gs.api.log.69_Sep 12, 2019_17:13:00 73024 INFO gs.openapi.server [ req-tdskc-rb23-6exg9o ] "GET /v2/rhvdeqn3faus98g0/servers/details HTTP/1.1" status: 200 len: 1257 time: 0.6906691
L951~gs.api.log.23_Sep 10, 2019_06:56:00 57807 INFO gs.compute.resource_tracker [ req-7dxu2-vwypum-wbsqd-uab0iz-659m7 ] "GET /v2/5ch18iemtv6kbn0y/servers/details HTTP/1.1" status: 202 len: 8551 time: 0.3290329
L966~gs.api.log.29_Sep 03, 2019_22:26:00 97625 INFO gs.openapi.wsgi.server [ req-x2rl-7vse1y-lxad0 ] "POST /v2/n2h9v4tlf1azi0dj/servers/details HTTP/1.1" status: 204 len: 1980 time: 0.5917592
L977~gs.api.log.71_Sep 09, 2019_09:19:00 91352 INFO gs.resource.claims [ req-ywof1-snx5kr-1d4h3-bql5g-d7bus ] "POST /v2/mkrbsalhvq43e5itxnf0wo1jdpcu2y79/servers/details HTTP/1.1" status: 404 len: 9132 time: 0.6439644
L978~gs.api.log.70_Sep 11, 2019_06:56:00 18889 INFO gs.api.openstack.compute.wsgi [ req-nhwlbg-hg2m1-8t9m-37c9b-7gtvf9 ] "DELETE /v2/re4bvathc17lw5k3yg8j29xf/servers/details HTTP/1.1" status: 200 len: 7403 time: 0.0289029
L982~gs.api.log.76_Sep 06, 2019_10:43:00 7211 INFO gs.resource.claims [ req-n7w9u-tn296-gmw3 ] "POST /v2/awg9mzlq3ki4r0ud/servers/details HTTP/1.1" status: 404 len: 7740 time: 0.4110411
L999~gs.api.log.84_Sep 07, 2019_07:23:00 80993 INFO gs.resource.resource_tracker [ req-gyb4k-4nbsil-1ygsj-nji3 ] "GET /v2/a5jxuv2onqzf6r4y7i9clspd1kb0t3me/servers/details HTTP/1.1" status: 200 len: 4347 time: 0.2725273
L1007~gs.api.log.60_Sep 13, 2019_04:57:00 88051 INFO gs.resource.resource_tracker [ req-wbsqd-1m82u-znquk-34nme6-n80j6 ] "POST /v2/6qjr71p32obxckvnu4g0talm/servers/details HTTP/1.1" status: 200 len: 5728 time: 0.4828483
L1009~gs.api.log.34_Sep 06, 2019_03:14:00 76075 INFO gs.resource.resource_tracker [ req-o20nek-lx5g-9bc6 ] "POST /v2/fvxnk51ce3aomju8/servers/details HTTP/1.1" status: 404 len: 9569 time: 0.5844584
L1010~gs.api.log.69_Sep 15, 2019_04:17:00 11312 INFO gs.resource.claims [ req-vleiy-st19-07b8k3-h4bjn-r60qt4 ] "DELETE /v2/x95scyv8obj3dua4m7i2kptegfhwq1lr/servers/details HTTP/1.1" status: 200 len: 7623 time: 0.8093809
L1013~gs.api.log.27_Sep 08, 2019_14:55:00 26351 INFO gs.compute.manager [ req-3poj-1gbn-mvdb8-yafw5-voi178 ] "POST /v2/dm8qwy56zhvap2kujft3xcr9/servers/details HTTP/1.1" status: 202 len: 3819 time: 0.9553955
L1032~gs.api.log.96_Sep 15, 2019_07:25:00 36496 INFO gs.compute.manager [ req-sy65tl-vxb0tn-wxf6-yp0io-h0m2 ] "DELETE /v2/yd1zpqu3en0avtbogk2j65wlrx479h8c/servers/details HTTP/1.1" status: 204 len: 9556 time: 0.1869187
L1038~gs.api.log.53_Sep 15, 2019_01:30:00 46712 INFO gs.compute.resource_tracker [ req-dw0s-4vtbmc-vhgtcd-vz2nx-xkf8 ] "POST /v2/qnjgfpzk2r7dulao/servers/details HTTP/1.1" status: 202 len: 3821 time: 0.0539054
