L21~gs.api.log.18_07-09-2019_02:35 89418 INFO gs.resource.resource_tracker [ req-dr2nm-n7w9u-7gtvf9-vhgtcd-2i1w ] HTTP exception thrown: No instances found for any event
L34~gs.api.log.91_12-09-2019_15:40 8914 INFO gs.openstack.server [ req-i6qn3-fb9lk-jvlt-k4n8-vla0s ] HTTP exception thrown: No instances found for any event
L46~gs.api.log.23_11-09-2019_07:20 36149 INFO gs.api.openstack.compute.wsgi [ req-8913pu-2aque-5l1ne ] HTTP exception thrown: No instances found for any event
L47~gs.api.log.36_11-09-2019_18:16 43250 INFO gs.compute.resource_tracker [ req-7nxq-4nbsil-4fsdei-cm93ef-mvdb8 ] HTTP exception thrown: No instances found for any event
L63~gs.api.log.19_07-09-2019_17:53 43615 INFO gs.openapi.server [ req-rytxe8-why1-mzou ] HTTP exception thrown: No instances found for any event
L66~gs.api.log.34_04-09-2019_20:49 52499 INFO gs.compute.resource_tracker [ req-n7w9u-lp7ie4-6od5mc-8vpj ] HTTP exception thrown: No entry found for any event
L68~gs.api.log.73_01-09-2019_14:23 97625 INFO gs.resource.claims [ req-e8p6fh-57sy1o-4agu ] HTTP exception thrown: No entry found for any event
L71~gs.api.log.13_09-09-2019_03:57 86798 INFO gs.resource.manager [ req-1ht782-ej4rb-lf8pr1 ] HTTP exception thrown: No entry found for any event
L86~gs.api.log.51_04-09-2019_09:30 9991 INFO gs.api.openstack.compute.wsgi [ req-x2rl-v3fcs-uab0iz-j1yt ] HTTP exception thrown: No instances found for any event
L110~gs.api.log.12_11-09-2019_02:36 69979 INFO gs.openstack.wsgi.server [ req-h9pg-9jx42-2aque-5zery-moywpf ] HTTP exception thrown: No entry found for any event
L141~gs.api.log.66_09-09-2019_17:11 27835 INFO gs.openapi.server [ req-vleiy-b5cn-l0ieb ] HTTP exception thrown: No instances found for any event
L142~gs.api.log.12_07-09-2019_03:17 63420 INFO gs.compute.resource_tracker [ req-dr2nm-a7s4-92zvgh ] HTTP exception thrown: No instances found for any event
L148~gs.api.log.70_05-09-2019_04:16 20161 INFO gs.compute.resource_tracker [ req-l8ejk-wrcp-cnrhos ] HTTP exception thrown: No entry found for any event
L152~gs.api.log.62_02-09-2019_10:06 5586 INFO gs.api.openapi.compute.wsgi [ req-s5mc2-lco1-j1yt ] HTTP exception thrown: No instances found for any event
L159~gs.api.log.16_04-09-2019_04:35 61796 INFO gs.compute.resource_tracker [ req-u5qri-ovjcx-hxfm7-z210-l8ejk ] HTTP exception thrown: No instances found for any event
L199~gs.api.log.84_14-09-2019_03:55 22598 INFO gs.openstack.server [ req-e8uxd-ax5skc-251u-sn08-6purm ] HTTP exception thrown: No entry found for any event
L213~gs.api.log.63_12-09-2019_17:38 80845 INFO gs.api.openstack.compute.wsgi [ req-e8uxd-ax5skc-251u-sn08-6purm ] HTTP exception thrown: No entry found for any event
L227~gs.api.log.21_07-09-2019_18:15 2983 INFO gs.api.openapi.compute.wsgi [ req-7kwbx-bql5g-dr2nm ] HTTP exception thrown: No entry found for any event
L237~gs.api.log.87_09-09-2019_12:56 44241 INFO gs.resource.manager [ req-1aeb-fysr-n7w9u-gyb4k-xp7z ] HTTP exception thrown: No instances found for any event
L238~gs.api.log.26_07-09-2019_00:32 52281 INFO gs.openstack.server [ req-7dxu2-vwypum-wbsqd-uab0iz-659m7 ] HTTP exception thrown: No instances found for any event
L254~gs.api.log.39_13-09-2019_05:51 73685 INFO gs.api.openstack.compute.wsgi [ req-ydjr7v-c3mgjr-u9qae ] HTTP exception thrown: No instances found for any event
L267~gs.api.log.72_12-09-2019_02:07 57118 INFO gs.compute.manager [ req-9tci3b-lxad0-wc27vl ] HTTP exception thrown: No instances found for any event
L287~gs.api.log.12_04-09-2019_05:21 59844 INFO gs.openstack.server [ req-y5tj-ufwp-34nme6-6do12x ] HTTP exception thrown: No entry found for any event
L300~gs.api.log.18_05-09-2019_10:01 16449 INFO gs.resource.manager [ req-9a7mre-0zrw5-mfwd6j ] HTTP exception thrown: No instances found for any event
L341~gs.api.log.77_04-09-2019_23:51 12611 INFO gs.openstack.server [ req-2aque-tn296-yafw5-b5cn-43bt7y ] HTTP exception thrown: No entry found for any event
L373~gs.api.log.21_09-09-2019_15:57 95023 INFO gs.resource.resource_tracker [ req-z210-cb8v-dr2nm-rpa9o-10wn ] HTTP exception thrown: No entry found for any event
L377~gs.api.log.99_13-09-2019_14:14 3812 INFO gs.compute.resource_tracker [ req-wxf6-vbk5lj-4v2d ] HTTP exception thrown: No instances found for any event
L404~gs.api.log.45_04-09-2019_09:34 40702 INFO gs.api.openstack.compute.wsgi [ req-i4k31-vleiy-voa1 ] HTTP exception thrown: No entry found for any event
L408~gs.api.log.79_02-09-2019_03:52 59989 INFO gs.openapi.wsgi.server [ req-rsjok9-zrbjc8-kz6vg-1ht782-n698w ] HTTP exception thrown: No entry found for any event
L409~gs.api.log.45_13-09-2019_16:27 89751 INFO gs.openstack.wsgi.server [ req-vpog-kw0tiv-ws0mh ] HTTP exception thrown: No instances found for any event
L417~gs.api.log.25_08-09-2019_16:02 3806 INFO gs.openstack.wsgi.server [ req-tdskc-tdsx-8v3qyr ] HTTP exception thrown: No instances found for any event
L428~gs.api.log.28_05-09-2019_18:21 43541 INFO gs.resource.resource_tracker [ req-9i57s-uol7ef-tdskc-vpog ] HTTP exception thrown: No entry found for any event
L436~gs.api.log.86_08-09-2019_07:57 56930 INFO gs.openapi.server [ req-rsjok9-zrbjc8-kz6vg-1ht782-n698w ] HTTP exception thrown: No entry found for any event
L450~gs.api.log.36_13-09-2019_16:54 5534 INFO gs.resource.claims [ req-vz2nx-5eva8-78jxq ] HTTP exception thrown: No instances found for any event
L462~gs.api.log.24_10-09-2019_06:39 8320 INFO gs.resource.claims [ req-3poj-st19-r1qyx-kw0tiv ] HTTP exception thrown: No entry found for any event
L502~gs.api.log.43_09-09-2019_01:17 20620 INFO gs.compute.resource_tracker [ req-7dxu2-57sy1o-vkcih-az74cj ] HTTP exception thrown: No entry found for any event
L525~gs.api.log.46_08-09-2019_09:10 73838 INFO gs.resource.resource_tracker [ req-6od5mc-e6ba-xd16 ] HTTP exception thrown: No entry found for any event
L546~gs.api.log.72_05-09-2019_21:55 10837 INFO gs.compute.resource_tracker [ req-kixja-glde-1ygsj-x0rpa-pn4q2 ] HTTP exception thrown: No instances found for any event
L547~gs.api.log.72_12-09-2019_04:45 48300 INFO gs.openstack.server [ req-dw0s-4vtbmc-vhgtcd-vz2nx-xkf8 ] HTTP exception thrown: No instances found for any event
L555~gs.api.log.54_03-09-2019_23:15 46475 INFO gs.compute.resource_tracker [ req-bztu59-5zws-njros0-07b8k3 ] HTTP exception thrown: No entry found for any event
L566~gs.api.log.80_07-09-2019_19:10 89231 INFO gs.openapi.server [ req-0v4wr-g0zcrh-owm2d7 ] HTTP exception thrown: No instances found for any event
L592~gs.api.log.74_11-09-2019_09:36 56508 INFO gs.api.openapi.compute.wsgi [ req-e8uxd-4cz1n-92h5 ] HTTP exception thrown: No instances found for any event
L603~gs.api.log.80_02-09-2019_14:17 39715 INFO gs.api.openstack.compute.wsgi [ req-7uy6-g195y-q89b-cn6d-vwctu ] HTTP exception thrown: No entry found for any event
L620~gs.api.log.95_05-09-2019_07:16 76246 INFO gs.openapi.server [ req-vleiy-st19-07b8k3-h4bjn-r60qt4 ] HTTP exception thrown: No instances found for any event
L640~gs.api.log.20_01-09-2019_13:51 32642 INFO gs.resource.resource_tracker [ req-amlkt-nbd8-gbdq0k-myq6t-i805py ] HTTP exception thrown: No instances found for any event
L647~gs.api.log.34_15-09-2019_09:01 55525 INFO gs.resource.claims [ req-snx5kr-4fsdei-vwctu-lf8pr1-1gbn ] HTTP exception thrown: No entry found for any event
L715~gs.api.log.51_06-09-2019_14:49 26647 INFO gs.resource.manager [ req-8zl7-gkya-8vpj-j602eg ] HTTP exception thrown: No entry found for any event
L734~gs.api.log.17_12-09-2019_01:14 22598 INFO gs.compute.resource_tracker [ req-x52i0-2clbx-4nbsil ] HTTP exception thrown: No entry found for any event
L740~gs.api.log.99_11-09-2019_19:08 71313 INFO gs.resource.resource_tracker [ req-yafw5-x2sl-4cz1n-uy1al5-560z ] HTTP exception thrown: No instances found for any event
L750~gs.api.log.34_10-09-2019_05:43 73174 INFO gs.resource.claims [ req-2aque-tn296-yafw5-b5cn-43bt7y ] HTTP exception thrown: No instances found for any event
L754~gs.api.log.38_09-09-2019_18:16 26351 INFO gs.compute.resource_tracker [ req-659m7-pt2zo-eqb6yn ] HTTP exception thrown: No entry found for any event
L768~gs.api.log.54_12-09-2019_02:47 59391 INFO gs.resource.resource_tracker [ req-d7bus-cn6d-6g4iw0-1yaqrz ] HTTP exception thrown: No entry found for any event
L780~gs.api.log.13_15-09-2019_22:17 48410 INFO gs.resource.claims [ req-37c9b-n7w9u-e9f1-xkf8-q2b5x ] HTTP exception thrown: No entry found for any event
L794~gs.api.log.12_14-09-2019_12:46 70051 INFO gs.api.openapi.compute.wsgi [ req-4uz8-ubec-rytxe8-8v3qyr ] HTTP exception thrown: No instances found for any event
L818~gs.api.log.63_08-09-2019_11:53 38960 INFO gs.resource.resource_tracker [ req-e8uxd-4cz1n-92h5 ] HTTP exception thrown: No instances found for any event
L825~gs.api.log.16_05-09-2019_13:18 77931 INFO gs.api.openapi.compute.wsgi [ req-n6g4-1yaqrz-cgksh2-zrbjc8-tn296 ] HTTP exception thrown: No entry found for any event
L848~gs.api.log.72_02-09-2019_05:06 2534 INFO gs.resource.resource_tracker [ req-d7bus-l8i6v-voi178-a7s4 ] HTTP exception thrown: No instances found for any event
L857~gs.api.log.99_01-09-2019_12:41 72009 INFO gs.resource.claims [ req-z210-cb8v-dr2nm-rpa9o-10wn ] HTTP exception thrown: No entry found for any event
L863~gs.api.log.32_03-09-2019_01:01 89407 INFO gs.openstack.wsgi.server [ req-t8i3f-0h4m-3fmy-kw0tiv ] HTTP exception thrown: No instances found for any event
L874~gs.api.log.83_11-09-2019_11:47 5151 INFO gs.resource.resource_tracker [ req-lx5g-f1zgu-4agu-u5qri ] HTTP exception thrown: No instances found for any event
L875~gs.api.log.63_09-09-2019_18:16 71573 INFO gs.openapi.server [ req-wbsqd-1m82u-znquk-34nme6-n80j6 ] HTTP exception thrown: No entry found for any event
L878~gs.api.log.58_02-09-2019_10:48 58605 INFO gs.resource.manager [ req-p2860-1gbn-nac86 ] HTTP exception thrown: No entry found for any event
L892~gs.api.log.60_04-09-2019_15:38 59844 INFO gs.openstack.wsgi.server [ req-eqb6yn-6czg50-xms9j-2x0buc ] HTTP exception thrown: No instances found for any event
L906~gs.api.log.22_01-09-2019_17:55 77456 INFO gs.compute.resource_tracker [ req-kyum-kd1q-xu6th ] HTTP exception thrown: No entry found for any event
L915~gs.api.log.77_07-09-2019_13:04 52499 INFO gs.openstack.wsgi.server [ req-y5tj-ufwp-34nme6-6do12x ] HTTP exception thrown: No entry found for any event
L920~gs.api.log.57_08-09-2019_20:22 86201 INFO gs.resource.manager [ req-7dxu2-1khtw-4t85u ] HTTP exception thrown: No instances found for any event
L929~gs.api.log.51_09-09-2019_14:57 47845 INFO gs.openapi.server [ req-rhezju-6hb83-7vse1y ] HTTP exception thrown: No instances found for any event
L934~gs.api.log.20_08-09-2019_13:46 54977 INFO gs.openstack.wsgi.server [ req-vleiy-l8ejk-kz6vg ] HTTP exception thrown: No instances found for any event
L935~gs.api.log.17_11-09-2019_02:02 97366 INFO gs.resource.manager [ req-2soxl-7gtvf9-lem3a ] HTTP exception thrown: No instances found for any event
L937~gs.api.log.72_14-09-2019_10:22 22473 INFO gs.openstack.wsgi.server [ req-2pz8-251u-x9cjd-xkf8 ] HTTP exception thrown: No instances found for any event
L944~gs.api.log.52_12-09-2019_02:30 87816 INFO gs.api.openstack.compute.wsgi [ req-gyb4k-4nbsil-1ygsj-nji3 ] HTTP exception thrown: No entry found for any event
L946~gs.api.log.68_15-09-2019_14:30 18018 INFO gs.openstack.server [ req-sy65tl-vxb0tn-wxf6-yp0io-h0m2 ] HTTP exception thrown: No instances found for any event
L947~gs.api.log.25_14-09-2019_23:38 97948 INFO gs.compute.manager [ req-hjnbup-ntaj-a7s4-mzou-u9qae ] HTTP exception thrown: No instances found for any event
L950~gs.api.log.48_05-09-2019_05:16 69612 INFO gs.openstack.server [ req-0zrw5-gyb4k-uy1al5 ] HTTP exception thrown: No entry found for any event
L956~gs.api.log.79_12-09-2019_02:02 92329 INFO gs.openstack.server [ req-6czg50-znf6p1-cb4ngr-j6zsi-4m7wa ] HTTP exception thrown: No entry found for any event
L971~gs.api.log.36_09-09-2019_07:57 16135 INFO gs.compute.manager [ req-0v4wr-kd1q-8sa2 ] HTTP exception thrown: No entry found for any event
L976~gs.api.log.91_10-09-2019_17:59 40433 INFO gs.resource.claims [ req-rsjok9-7kwbx-qi4yxm ] HTTP exception thrown: No instances found for any event
L992~gs.api.log.22_15-09-2019_13:18 83297 INFO gs.openapi.wsgi.server [ req-l8ejk-mvdb8-uab0iz ] HTTP exception thrown: No entry found for any event
L998~gs.api.log.90_07-09-2019_01:47 47901 INFO gs.resource.resource_tracker [ req-2pz8-nv1ui-y5tj ] HTTP exception thrown: No instances found for any event
L1043~gs.api.log.98_06-09-2019_17:20 53124 INFO gs.openstack.wsgi.server [ req-lx5g-f1zgu-4agu-u5qri ] HTTP exception thrown: No entry found for any event
L1044~gs.api.log.14_01-09-2019_16:34 71749 INFO gs.compute.manager [ req-y9mjwk-6do12x-5eva8-gqds-64ugji ] HTTP exception thrown: No entry found for any event
