L14~gs.api.log.46_Sep 03, 2019_08:30:00 43868 INFO gs.api.openapi.compute.wsgi [ req-sqwbf0-fns8p-guc3-x52i0-m826 ] [ instance: 1zqaf-gux0-jvlt ] Total disk upper-limit not defined, defaulting to unlimited
L42~gs.api.log.56_Sep 15, 2019_08:30:00 51016 INFO gs.resource.manager [ req-rpa9o-92h5-gd4ks ] [ instance: y9mjwk-6do12x-5eva8-gqds-64ugji ] Total memory limit not specified, defaulting to unlimited
L62~gs.api.log.77_Sep 10, 2019_03:59:00 46777 INFO gs.compute.resource_tracker [ req-8ohnb-1gbn-0eyq-1m82u-jvlt ] [ instance: ib4t3-enwlc-vbk5lj-hwy80 ] VM limit not defined, defaulting to max
L64~gs.api.log.99_2019-09-11_21:30:00 47672 INFO gs.resource.manager [ req-37c9b-h0m2-h0kd-lf8pr1-ndrl ] [ instance: 1zqaf-gux0-jvlt ] Total disk upper-limit not defined, defaulting to unlimited
L70~gs.api.log.41_Sep 15, 2019_01:51:00 85659 INFO gs.compute.manager [ req-7dxu2-1khtw-4t85u ] [ instance: 2clbx-7zyp9-0v4wr-9jx42-1fdm7 ] VM limit not defined, defaulting to max
L72~gs.api.log.79_2019-09-04_16:34:00 13183 INFO gs.resource.manager [ req-rsjok9-7kwbx-qi4yxm ] [ instance: 9a7mre-gyb4k-8913pu ] vcpu limit not specified, default to unlimited
L73~gs.api.log.53_Sep 04, 2019_17:46:00 7379 INFO gs.resource.claims [ req-b7con1-ansf0b-hgusmt ] [ instance: sngw-5bkrt-3g0j6 ] VM limit not defined, defaulting to max
L87~gs.api.log.78_Sep 04, 2019_20:44:00 57344 INFO gs.openstack.wsgi.server [ req-nxlm1-jr7s2-moywpf-c3mgjr ] [ instance: 560z-ntaj-2i1w-hliy2-s5mc2 ] vcpu limit not specified, default to unlimited
L91~gs.api.log.32_2019-09-03_13:32:00 67150 INFO gs.openapi.wsgi.server [ req-e8uxd-ihqrcx-wxf6 ] [ instance: 3poj-st19-r1qyx-kw0tiv ] Total disk upper-limit not defined, defaulting to unlimited
L99~gs.api.log.22_Sep 14, 2019_19:15:00 43249 INFO gs.resource.resource_tracker [ req-rb23-1k8xh-05jdm-nv1ui-fipw ] [ instance: 9tci3b-vxb0tn-bql5g ] VM limit not defined, defaulting to max
L103~gs.api.log.92_2019-09-05_14:13:00 8320 INFO gs.resource.resource_tracker [ req-nxlm1-0v4wr-ydjr7v ] [ instance: hjnbup-pt2zo-n8jsx-nji3-4d8fin ] VM limit not defined, defaulting to max
L105~gs.api.log.79_2019-09-08_21:59:00 84291 INFO gs.resource.claims [ req-rhezju-7vse1y-9jx42-jk6v1l ] [ instance: ovjcx-l89bg-guc3 ] vcpu limit not specified, default to unlimited
L108~gs.api.log.96_2019-09-04_11:17:00 94589 INFO gs.openstack.wsgi.server [ req-kz6vg-ax5skc-5zws-5u3f-a7s4 ] [ instance: tfzd-xtqs-9abg-y9a5i ] vcpu limit not specified, default to unlimited
L109~gs.api.log.95_2019-09-07_03:41:00 57729 INFO gs.resource.manager [ req-7phq-x2sl-xtqs ] [ instance: 6hb83-mn76-i6qn3-cgksh2-1ygsj ] Total memory limit not specified, defaulting to unlimited
L113~gs.api.log.27_Sep 04, 2019_04:18:00 16915 INFO gs.openapi.server [ req-jlb62-q2b5x-92h5-hvtw-jd74zt ] [ instance: a0um-ugkq-6x7z5 ] Total memory limit not specified, defaulting to unlimited
L120~gs.api.log.21_2019-09-04_23:44:00 61796 INFO gs.openapi.server [ req-xtqs-dwqbe1-8t9m ] [ instance: rpa9o-92h5-gd4ks ] Total disk upper-limit not defined, defaulting to unlimited
L146~gs.api.log.47_2019-09-11_10:27:00 2534 INFO gs.compute.resource_tracker [ req-t8i3f-4dsm6h-0n37 ] [ instance: 8v3qyr-7jmh-0zrw5-2x0buc-ufwp ] vcpu limit not specified, default to unlimited
L147~gs.api.log.86_2019-09-10_01:06:00 32459 INFO gs.compute.manager [ req-x2rl-7vse1y-lxad0 ] [ instance: n6g4-1yaqrz-cgksh2-zrbjc8-tn296 ] Total disk upper-limit not defined, defaulting to unlimited
L150~gs.api.log.33_2019-09-02_19:54:00 53096 INFO gs.api.openstack.compute.wsgi [ req-g0zcrh-n698w-zrbjc8-iz71-6od5mc ] [ instance: why1-owm2d7-kzunes-jfinu ] Total disk upper-limit not defined, defaulting to unlimited
L156~gs.api.log.33_Sep 06, 2019_17:23:00 8581 INFO gs.compute.resource_tracker [ req-ywof1-snx5kr-1d4h3-bql5g-d7bus ] [ instance: myq6t-il7e-j1yt-jlb62-bdsu2p ] vcpu limit not specified, default to unlimited
L191~gs.api.log.42_2019-09-01_14:29:00 57589 INFO gs.resource.manager [ req-5dfynt-ezvs7-ugkq-uol7ef-rpa9o ] [ instance: 86olmf-8vpj-4cz1n-h0kd-4t85u ] Total disk upper-limit not defined, defaulting to unlimited
L200~gs.api.log.22_Sep 03, 2019_08:20:00 2163 INFO gs.compute.manager [ req-0v4wr-37c9b-2pz8 ] [ instance: 4agu-07c3-1s9h6-nv8jct-y4lgs ] vcpu limit not specified, default to unlimited
L201~gs.api.log.55_2019-09-04_21:13:00 47456 INFO gs.resource.manager [ req-659m7-pt2zo-eqb6yn ] [ instance: n1wxm-mhyqjk-7blvs-78jxq-072ft ] vcpu limit not specified, default to unlimited
L202~gs.api.log.89_Sep 11, 2019_11:46:00 55525 INFO gs.openstack.server [ req-s5mc2-lco1-j1yt ] [ instance: 2pz8-ansf0b-1khtw-za7m ] VM limit not defined, defaulting to max
L205~gs.api.log.22_2019-09-09_13:24:00 88926 INFO gs.openstack.wsgi.server [ req-b85jx-1zaf04-epdv4-unh6-vyrl ] [ instance: nji3-j1yt-zrbjc8-gd4ks-g195y ] VM limit not defined, defaulting to max
L215~gs.api.log.58_2019-09-08_23:08:00 62807 INFO gs.api.openapi.compute.wsgi [ req-c3mgjr-vz2nx-eqb6yn-lx5g-p5ek ] [ instance: 7blvs-1a54-r4wq1s-kw0tiv-mn76 ] VM limit not defined, defaulting to max
L222~gs.api.log.70_Sep 05, 2019_14:24:00 20211 INFO gs.openstack.server [ req-myq6t-il7e-j1yt-jlb62-bdsu2p ] [ instance: o20nek-uol7ef-ydjr7v-b5cn ] Total disk upper-limit not defined, defaulting to unlimited
L224~gs.api.log.41_Sep 01, 2019_00:48:00 20575 INFO gs.openapi.server [ req-j1yt-0n37-nji3-xkf8 ] [ instance: 0e1x4b-07c3-vhgtcd ] VM limit not defined, defaulting to max
L230~gs.api.log.99_2019-09-10_10:28:00 31568 INFO gs.openstack.wsgi.server [ req-n7w9u-wst3yd-6do12x-vhgtcd-zrbjc8 ] [ instance: cb8v-vleiy-za7m-7zyp9-t5uyn ] vcpu limit not specified, default to unlimited
L234~gs.api.log.18_Sep 09, 2019_00:15:00 55107 INFO gs.openapi.wsgi.server [ req-50frl-jd74zt-w4q2 ] [ instance: a9oemu-1pje6m-4v2d-6do12x ] vcpu limit not specified, default to unlimited
L246~gs.api.log.86_Sep 09, 2019_13:49:00 95077 INFO gs.api.openapi.compute.wsgi [ req-tfzd-4uz8-wud8m-mvdb8-1wpskj ] [ instance: 53ijn-fipw-ufwp-4ih9m ] VM limit not defined, defaulting to max
L261~gs.api.log.58_Sep 14, 2019_21:51:00 9364 INFO gs.resource.claims [ req-hjnbup-9abg-258dx-hfujap ] [ instance: glde-26ingz-0zrw5-1s9h6 ] vcpu limit not specified, default to unlimited
L309~gs.api.log.95_2019-09-05_22:54:00 75286 INFO gs.openstack.server [ req-i805py-yuikx0-1apj2-9fqgh-hwy80 ] [ instance: 1aeb-fysr-n7w9u-gyb4k-xp7z ] VM limit not defined, defaulting to max
L314~gs.api.log.75_Sep 09, 2019_18:16:00 37763 INFO gs.compute.resource_tracker [ req-2i1w-ay2ojv-h0m2-95ewzi ] [ instance: ndrl-53ijn-h9pg ] VM limit not defined, defaulting to max
L317~gs.api.log.80_Sep 09, 2019_18:10:00 28843 INFO gs.openstack.server [ req-2clbx-7zyp9-0v4wr-9jx42-1fdm7 ] [ instance: nhwlbg-sqwbf0-4dsm6h-voi178 ] Total disk upper-limit not defined, defaulting to unlimited
L324~gs.api.log.24_2019-09-03_04:18:00 24578 INFO gs.openapi.wsgi.server [ req-5u3f-nac86-2clbx-ed9k ] [ instance: nhwlbg-sqwbf0-4dsm6h-voi178 ] Total disk upper-limit not defined, defaulting to unlimited
L325~gs.api.log.38_2019-09-06_15:54:00 50485 INFO gs.api.openapi.compute.wsgi [ req-6czg50-9tci3b-4cz1n ] [ instance: 1aeb-hkjo-1fdm7 ] vcpu limit not specified, default to unlimited
L336~gs.api.log.43_Sep 09, 2019_18:47:00 38514 INFO gs.compute.resource_tracker [ req-r4wq1s-59rz-7zyp9-pn4q2 ] [ instance: 0v4wr-g0zcrh-owm2d7 ] vcpu limit not specified, default to unlimited
L337~gs.api.log.91_Sep 15, 2019_09:19:00 15917 INFO gs.compute.resource_tracker [ req-gyb4k-4nbsil-1ygsj-nji3 ] [ instance: 4uz8-rbdla-92zvgh-uab0iz-sgjlu ] Total disk upper-limit not defined, defaulting to unlimited
L340~gs.api.log.87_2019-09-01_17:41:00 44733 INFO gs.api.openstack.compute.wsgi [ req-1shqbf-v47k-2pz8-c5n1vy-lctxos ] [ instance: r4wq1s-voi178-8zl7-3npi ] vcpu limit not specified, default to unlimited
L365~gs.api.log.91_2019-09-13_13:22:00 3746 INFO gs.api.openapi.compute.wsgi [ req-wzp4ad-a9ix-8cqjwp-f1zgu ] [ instance: h9pg-3npi-9jx42-8dkjs1 ] VM limit not defined, defaulting to max
L374~gs.api.log.78_Sep 07, 2019_15:18:00 30452 INFO gs.api.openstack.compute.wsgi [ req-fns8p-kzunes-8t26-6hb83-9ifn ] [ instance: 0e1x4b-07c3-vhgtcd ] vcpu limit not specified, default to unlimited
L378~gs.api.log.33_Sep 06, 2019_17:45:00 52826 INFO gs.openapi.server [ req-1m82u-1ygsj-ufwp-xgom-voa1 ] [ instance: 2u03-ndrl-37c9b-cb4ngr-6exg9o ] Total memory limit not specified, defaulting to unlimited
L395~gs.api.log.26_Sep 06, 2019_22:02:00 56330 INFO gs.openapi.wsgi.server [ req-n6g4-1yaqrz-cgksh2-zrbjc8-tn296 ] [ instance: 8dkjs1-tdsx-gyb4k-v7y98 ] Total memory limit not specified, defaulting to unlimited
L419~gs.api.log.60_Sep 02, 2019_00:50:00 68722 INFO gs.resource.claims [ req-d9uwo-wud8m-bdsu2p ] [ instance: fns8p-kzunes-8t26-6hb83-9ifn ] Total memory limit not specified, defaulting to unlimited
L424~gs.api.log.72_2019-09-04_18:12:00 26703 INFO gs.api.openapi.compute.wsgi [ req-a0um-ugkq-6x7z5 ] [ instance: vla0s-n80j6-072ft-be2u-hx5on ] Total memory limit not specified, defaulting to unlimited
L431~gs.api.log.80_2019-09-06_10:28:00 96043 INFO gs.api.openstack.compute.wsgi [ req-560z-ntaj-2i1w-hliy2-s5mc2 ] [ instance: 4szwa-4cz1n-st19-v7klnb ] VM limit not defined, defaulting to max
L434~gs.api.log.11_2019-09-12_03:57:00 14426 INFO gs.compute.manager [ req-g0zcrh-9a7mre-fns8p ] [ instance: q7rzio-za7m-kz6vg-be2u-nji3 ] VM limit not defined, defaulting to max
L435~gs.api.log.59_2019-09-10_14:36:00 8581 INFO gs.compute.resource_tracker [ req-1m82u-1ygsj-ufwp-xgom-voa1 ] [ instance: du3mf-vyrl-rq1a ] VM limit not defined, defaulting to max
L455~gs.api.log.98_Sep 08, 2019_14:07:00 6247 INFO gs.openstack.wsgi.server [ req-e8p6fh-s2ft-ed9k-fb9lk ] [ instance: 1m82u-1ygsj-ufwp-xgom-voa1 ] vcpu limit not specified, default to unlimited
L461~gs.api.log.97_Sep 01, 2019_01:12:00 86688 INFO gs.resource.manager [ req-gmw3-8aqge-joh69-zmogv ] [ instance: y9mjwk-n1yj-6wl35r-nhwlbg ] Total disk upper-limit not defined, defaulting to unlimited
L467~gs.api.log.63_Sep 13, 2019_02:01:00 55567 INFO gs.api.openapi.compute.wsgi [ req-q7rzio-za7m-kz6vg-be2u-nji3 ] [ instance: vl723r-ansf0b-3fmy ] vcpu limit not specified, default to unlimited
L518~gs.api.log.23_2019-09-06_07:42:00 88926 INFO gs.openstack.wsgi.server [ req-pkgfom-nhwlbg-78jxq-p2860 ] [ instance: rsjok9-zrbjc8-kz6vg-1ht782-n698w ] VM limit not defined, defaulting to max
L524~gs.api.log.80_2019-09-07_21:06:00 9364 INFO gs.compute.manager [ req-8vpj-vxb0tn-5zery ] [ instance: 2g7o1-9fqgh-50frl ] Total disk upper-limit not defined, defaulting to unlimited
L528~gs.api.log.91_Sep 04, 2019_03:27:00 65185 INFO gs.openstack.wsgi.server [ req-d7bus-l8i6v-voi178-a7s4 ] [ instance: 4t85u-qo8v0u-ubec-v3fcs-myq6t ] Total disk upper-limit not defined, defaulting to unlimited
L570~gs.api.log.19_2019-09-07_11:09:00 33094 INFO gs.api.openstack.compute.wsgi [ req-x2rl-7vse1y-lxad0 ] [ instance: d5fmv-4dsm6h-m51l ] vcpu limit not specified, default to unlimited
L575~gs.api.log.51_Sep 14, 2019_02:27:00 39826 INFO gs.compute.resource_tracker [ req-ylvs-r1qyx-j6zsi-1khtw ] [ instance: d5fmv-12hy-8mkw-n3zb ] Total disk upper-limit not defined, defaulting to unlimited
L576~gs.api.log.81_2019-09-09_07:12:00 35807 INFO gs.api.openstack.compute.wsgi [ req-jlb62-q2b5x-92h5-hvtw-jd74zt ] [ instance: n80j6-er9xy-e6ba-l89bg-8sa2 ] vcpu limit not specified, default to unlimited
L581~gs.api.log.50_Sep 11, 2019_15:18:00 43499 INFO gs.compute.manager [ req-2bi3-51oy-86olmf-6arqu ] [ instance: 4agu-07c3-1s9h6-nv8jct-y4lgs ] VM limit not defined, defaulting to max
L583~gs.api.log.80_2019-09-13_15:35:00 3746 INFO gs.openapi.wsgi.server [ req-kd1q-1fdm7-uab0iz ] [ instance: 6exg9o-9q2us-b3yovi-78jxq ] vcpu limit not specified, default to unlimited
L599~gs.api.log.88_Sep 13, 2019_10:12:00 78518 INFO gs.compute.resource_tracker [ req-hjnbup-pt2zo-n8jsx-nji3-4d8fin ] [ instance: mfwd6j-rsjok9-w4q2-vwctu ] Total disk upper-limit not defined, defaulting to unlimited
L604~gs.api.log.17_Sep 05, 2019_12:13:00 31489 INFO gs.compute.resource_tracker [ req-2soxl-7gtvf9-lem3a ] [ instance: wst3yd-1a54-l89bg ] Total disk upper-limit not defined, defaulting to unlimited
L617~gs.api.log.49_Sep 10, 2019_00:36:00 87005 INFO gs.compute.manager [ req-k9ewd-9q2us-nhwlbg ] [ instance: 9tci3b-vxb0tn-bql5g ] vcpu limit not specified, default to unlimited
L622~gs.api.log.30_2019-09-05_12:58:00 71147 INFO gs.resource.manager [ req-v47k-p2860-1m82u-guc3 ] [ instance: az74cj-5v7pe0-tdskc-glde-pg4e ] Total memory limit not specified, defaulting to unlimited
L623~gs.api.log.37_2019-09-10_00:50:00 80376 INFO gs.openapi.wsgi.server [ req-ved5la-st19-nac86 ] [ instance: jlb62-8vpj-a8eyko-znf6p1 ] Total disk upper-limit not defined, defaulting to unlimited
L624~gs.api.log.25_Sep 03, 2019_14:54:00 27835 INFO gs.openapi.server [ req-cb4ngr-cnklvu-5ji8-ktiqb-4nbsil ] [ instance: mn76-6ot1r-4d8fin-hfujap ] Total disk upper-limit not defined, defaulting to unlimited
L632~gs.api.log.33_2019-09-15_12:55:00 76834 INFO gs.openstack.wsgi.server [ req-37c9b-hxfm7-43bt7y-p5tb-ovjcx ] [ instance: 9bc6-g195y-2clbx-dw0s-4yrq2 ] Total memory limit not specified, defaulting to unlimited
L641~gs.api.log.51_Sep 11, 2019_23:26:00 85934 INFO gs.compute.resource_tracker [ req-h0kd-o74f-vla0s-3g0j6-7vse1y ] [ instance: 4fsdei-0e1x4b-hg2m1-wrcp-wc27vl ] VM limit not defined, defaulting to max
L661~gs.api.log.47_2019-09-05_18:26:00 85577 INFO gs.resource.claims [ req-4t85u-qo8v0u-ubec-v3fcs-myq6t ] [ instance: ioxmw-6nub-4yrq2 ] Total disk upper-limit not defined, defaulting to unlimited
L671~gs.api.log.88_2019-09-03_06:43:00 13909 INFO gs.resource.claims [ req-gz31o-y4lgs-1ygsj ] [ instance: 95ewzi-nji3-9q2us-q2b5x-7zyp9 ] VM limit not defined, defaulting to max
L678~gs.api.log.28_2019-09-05_04:51:00 91445 INFO gs.resource.manager [ req-lx5g-f1zgu-4agu-u5qri ] [ instance: 4d8fin-cmhkf9-9y6vnd-hjnbup-enwlc ] vcpu limit not specified, default to unlimited
L680~gs.api.log.72_Sep 02, 2019_01:21:00 89933 INFO gs.resource.resource_tracker [ req-0e1x4b-07c3-vhgtcd ] [ instance: wzp4ad-a9ix-8cqjwp-f1zgu ] Total disk upper-limit not defined, defaulting to unlimited
L698~gs.api.log.67_2019-09-07_05:46:00 10452 INFO gs.api.openapi.compute.wsgi [ req-wrcp-8aqge-z7ugl6 ] [ instance: tfzd-xtqs-9abg-y9a5i ] vcpu limit not specified, default to unlimited
L716~gs.api.log.58_Sep 13, 2019_01:16:00 75286 INFO gs.resource.resource_tracker [ req-k9ewd-9q2us-nhwlbg ] [ instance: 37c9b-yp0io-awy8e3-iz71-5mu3d ] Total memory limit not specified, defaulting to unlimited
L717~gs.api.log.54_Sep 09, 2019_18:10:00 55616 INFO gs.openapi.server [ req-o20nek-lx5g-9bc6 ] [ instance: ylvs-kh485z-54er ] Total disk upper-limit not defined, defaulting to unlimited
L721~gs.api.log.81_2019-09-04_03:05:00 35640 INFO gs.resource.claims [ req-rhezju-7vse1y-9jx42-jk6v1l ] [ instance: xtqs-dwqbe1-8t9m ] Total memory limit not specified, defaulting to unlimited
L726~gs.api.log.86_2019-09-02_22:08:00 8776 INFO gs.resource.resource_tracker [ req-659m7-51oy-gyb4k-iejl9-khe4zp ] [ instance: 4d8fin-cmhkf9-9y6vnd-hjnbup-enwlc ] vcpu limit not specified, default to unlimited
L727~gs.api.log.19_Sep 01, 2019_12:30:00 27680 INFO gs.openstack.server [ req-53ijn-e7bt8n-8zl7-7blvs ] [ instance: 0n37-ovjcx-sy65tl-g195y-9fqgh ] VM limit not defined, defaulting to max
L753~gs.api.log.68_Sep 05, 2019_03:38:00 7197 INFO gs.compute.manager [ req-7dxu2-vwypum-wbsqd-uab0iz-659m7 ] [ instance: d7zuw6-uh29c-54er ] vcpu limit not specified, default to unlimited
L777~gs.api.log.67_Sep 02, 2019_01:57:00 87005 INFO gs.openstack.server [ req-r60qt4-jr7s2-uol7ef-29jnpm ] [ instance: kixja-glde-1ygsj-x0rpa-pn4q2 ] Total disk upper-limit not defined, defaulting to unlimited
L793~gs.api.log.26_2019-09-12_16:34:00 18298 INFO gs.openstack.wsgi.server [ req-j1yt-0n37-nji3-xkf8 ] [ instance: kixja-glde-1ygsj-x0rpa-pn4q2 ] Total disk upper-limit not defined, defaulting to unlimited
L808~gs.api.log.46_Sep 06, 2019_16:33:00 52058 INFO gs.openapi.wsgi.server [ req-6hb83-mn76-i6qn3-cgksh2-1ygsj ] [ instance: n80j6-er9xy-e6ba-l89bg-8sa2 ] vcpu limit not specified, default to unlimited
L815~gs.api.log.68_Sep 07, 2019_22:02:00 72621 INFO gs.resource.manager [ req-z7ugl6-du3mf-7blvs-2m85w ] [ instance: 0eyq-ws0mh-rytxe8-du3mf ] Total memory limit not specified, defaulting to unlimited
L833~gs.api.log.96_2019-09-14_09:33:00 32755 INFO gs.resource.manager [ req-n3zb-lcj1d-epdv4-t8i3f ] [ instance: 86olmf-o9uw-hkjo-bid2 ] Total memory limit not specified, defaulting to unlimited
L850~gs.api.log.86_2019-09-08_06:16:00 44656 INFO gs.api.openapi.compute.wsgi [ req-9top1-6arqu-wst3yd-w4q2-ws0mh ] [ instance: 460fp-1d4h3-rb23-jba2 ] Total memory limit not specified, defaulting to unlimited
L860~gs.api.log.60_2019-09-07_01:42:00 7795 INFO gs.openapi.wsgi.server [ req-bztu59-5zws-njros0-07b8k3 ] [ instance: i805py-yuikx0-1apj2-9fqgh-hwy80 ] Total disk upper-limit not defined, defaulting to unlimited
L868~gs.api.log.86_2019-09-08_15:45:00 11496 INFO gs.compute.resource_tracker [ req-xmgj-1zqaf-6g9t ] [ instance: 2soxl-7gtvf9-lem3a ] Total disk upper-limit not defined, defaulting to unlimited
L869~gs.api.log.71_2019-09-08_17:46:00 55900 INFO gs.api.openapi.compute.wsgi [ req-wrcp-8aqge-z7ugl6 ] [ instance: 43bt7y-n6g4-lem3a ] Total disk upper-limit not defined, defaulting to unlimited
L880~gs.api.log.24_2019-09-02_12:58:00 43789 INFO gs.openapi.server [ req-072ft-n80j6-3q0vo-258dx ] [ instance: r36js-1khtw-bid2-op4ryu ] VM limit not defined, defaulting to max
L894~gs.api.log.17_2019-09-08_02:34:00 10452 INFO gs.resource.resource_tracker [ req-0x7vr-53ijn-b3yovi ] [ instance: glde-26ingz-0zrw5-1s9h6 ] VM limit not defined, defaulting to max
L895~gs.api.log.26_Sep 04, 2019_09:17:00 37236 INFO gs.openapi.server [ req-8ohnb-sn08-c5n1vy ] [ instance: ylvs-kh485z-54er ] vcpu limit not specified, default to unlimited
L909~gs.api.log.53_2019-09-10_01:57:00 19568 INFO gs.openapi.wsgi.server [ req-4fsdei-0e1x4b-hg2m1-wrcp-wc27vl ] [ instance: oi5g-fysr-ygqh9-kz6vg-kd5eu ] Total memory limit not specified, defaulting to unlimited
L910~gs.api.log.54_Sep 03, 2019_08:39:00 34501 INFO gs.resource.manager [ req-2m85w-uh29c-voi178-v47k ] [ instance: 50frl-jd74zt-w4q2 ] Total memory limit not specified, defaulting to unlimited
L943~gs.api.log.41_2019-09-07_10:10:00 87033 INFO gs.openapi.wsgi.server [ req-p5tb-zcg4a-gyb4k-iz71 ] [ instance: j602eg-ywof1-8cqjwp-rytxe8-vz2nx ] Total disk upper-limit not defined, defaulting to unlimited
L954~gs.api.log.69_Sep 09, 2019_10:50:00 47641 INFO gs.openstack.server [ req-5dfynt-ezvs7-ugkq-uol7ef-rpa9o ] [ instance: 4fsdei-0e1x4b-hg2m1-wrcp-wc27vl ] Total disk upper-limit not defined, defaulting to unlimited
L958~gs.api.log.98_Sep 09, 2019_19:34:00 73545 INFO gs.compute.resource_tracker [ req-ed9k-uol7ef-rj0zcy-gd4ks ] [ instance: rytxe8-why1-mzou ] Total disk upper-limit not defined, defaulting to unlimited
L967~gs.api.log.70_2019-09-13_22:02:00 24569 INFO gs.openapi.server [ req-9y6vnd-hfujap-5v7pe0-ylvs ] [ instance: k9ewd-y8zx-j6zsi ] Total memory limit not specified, defaulting to unlimited
L970~gs.api.log.87_Sep 06, 2019_13:05:00 47047 INFO gs.openstack.server [ req-659m7-51oy-gyb4k-iejl9-khe4zp ] [ instance: seht-snx5kr-rj0zcy ] vcpu limit not specified, default to unlimited
L980~gs.api.log.53_Sep 09, 2019_21:06:00 93447 INFO gs.resource.resource_tracker [ req-cz92j4-ugkq-bztu59 ] [ instance: kixja-37c9b-1yaqrz ] vcpu limit not specified, default to unlimited
L984~gs.api.log.28_2019-09-03_00:12:00 20286 INFO gs.api.openstack.compute.wsgi [ req-uxnq-qvrlz-4dsm6h-251u ] [ instance: 251u-ntaj-92h5-tnxuz ] Total memory limit not specified, defaulting to unlimited
L996~gs.api.log.38_Sep 10, 2019_01:21:00 71413 INFO gs.openstack.wsgi.server [ req-8qoj-gbdq0k-nhwlbg-vla0s-x3fz ] [ instance: 8vpj-vxb0tn-5zery ] Total memory limit not specified, defaulting to unlimited
L1001~gs.api.log.72_Sep 03, 2019_13:28:00 21765 INFO gs.openstack.wsgi.server [ req-az74cj-28du-6fcpz3-tn296-il7e ] [ instance: ywof1-rbdla-2aque-8t26-95ewzi ] VM limit not defined, defaulting to max
L1008~gs.api.log.21_2019-09-15_04:51:00 59592 INFO gs.compute.resource_tracker [ req-vz2nx-rj0zcy-lem3a-hg2m1-j6zsi ] [ instance: sqwbf0-fns8p-guc3-x52i0-m826 ] Total memory limit not specified, defaulting to unlimited
L1012~gs.api.log.67_2019-09-15_04:54:00 82278 INFO gs.resource.manager [ req-659m7-51oy-gyb4k-iejl9-khe4zp ] [ instance: n7w9u-lp7ie4-6od5mc-8vpj ] Total disk upper-limit not defined, defaulting to unlimited
L1036~gs.api.log.49_Sep 12, 2019_19:12:00 59342 INFO gs.openapi.server [ req-vl723r-ansf0b-3fmy ] [ instance: 2bi3-51oy-86olmf-6arqu ] vcpu limit not specified, default to unlimited
