L4~gs.api.log.15.2019-09-14_16:27 39946 INFO gs.openstack.server [ req-ioxmw-6nub-4yrq2 ] Removing base or swap file: /var/lib/gs/instances/_base/9y6vnd-7vse1y-8qoj-uxnq
L15~gs.api.log.43.Sep 13, 2019_11:10 93308 INFO gs.api.openstack.compute.wsgi [ req-y9mjwk-n1yj-6wl35r-nhwlbg ] Unknown base file: /var/lib/gs/instances/_base/vz2nx-5eva8-78jxq
L18~gs.api.log.85.13-09-2019_09:07 73174 INFO gs.api.openstack.compute.wsgi [ req-ioxmw-6nub-4yrq2 ] Unknown base file: /var/lib/gs/instances/_base/8ohnb-1gbn-0eyq-1m82u-jvlt
L30~gs.api.log.26.08-09-2019_03:17 78318 INFO gs.resource.manager [ req-9tci3b-lxad0-wc27vl ] Removing base or swap file: /var/lib/gs/instances/_base/7uy6-g195y-q89b-cn6d-vwctu
L37~gs.api.log.26.Sep 03, 2019_09:50 PM 6009 INFO gs.openstack.wsgi.server [ req-z210-n80j6-1ygsj-cmhkf9-s2ft ] Removing base or swap file: /var/lib/gs/instances/_base/j1yt-0n37-nji3-xkf8
L43~gs.api.log.79.Sep 14, 2019_23:10 72996 INFO gs.api.openapi.compute.wsgi [ req-tdsx-rvkx-x52i0 ] Removing base or swap file: /var/lib/gs/instances/_base/659m7-pt2zo-eqb6yn
L52~gs.api.log.97.Sep 10, 2019_03:10 74340 INFO gs.resource.manager [ req-e8uxd-ax5skc-251u-sn08-6purm ] Base or swap file too young to remove: /var/lib/gs/instances/_base/y9mjwk-6do12x-5eva8-gqds-64ugji
L57~gs.api.log.60.05-09-2019_09:32 68033 INFO gs.openapi.server [ req-2pz8-ansf0b-1khtw-za7m ] Base or swap file too young to remove: /var/lib/gs/instances/_base/2aque-tn296-yafw5-b5cn-43bt7y
L61~gs.api.log.15.2019-09-12_02:01:00 77456 INFO gs.api.openapi.compute.wsgi [ req-57sy1o-nv8jct-bql5g-lx5g-6fcpz3 ] Removing base or swap file: /var/lib/gs/instances/_base/cb4ngr-cnklvu-5ji8-ktiqb-4nbsil
L67~gs.api.log.62.11-09-2019_08:55:00 59989 INFO gs.openapi.wsgi.server [ req-9bc6-d5fmv-guc3-a9ix ] Removing base or swap file: /var/lib/gs/instances/_base/l89bg-f1zgu-sqwbf0-r60qt4-yafw5
L95~gs.api.log.80.2019-09-07_07:03 PM 96822 INFO gs.resource.resource_tracker [ req-57sy1o-8913pu-tfzd ] Base or swap file too young to remove: /var/lib/gs/instances/_base/xtqs-wud8m-za7m-sgnvfi
L100~gs.api.log.37.2019-09-11_14:29:00 96822 INFO gs.openstack.wsgi.server [ req-wud8m-x2rl-mvdb8 ] Removing base or swap file: /var/lib/gs/instances/_base/rhezju-6hb83-7vse1y
L107~gs.api.log.28.11-09-2019_03:46 PM 55126 INFO gs.resource.claims [ req-a9oemu-1pje6m-4v2d-6do12x ] Removing base or swap file: /var/lib/gs/instances/_base/2x0buc-x2sl-2u03
L119~gs.api.log.43.09-09-2019_18:38 33434 INFO gs.openapi.wsgi.server [ req-2ox7h9-b5cn-3npi-v7klnb-vla0s ] Unknown base file: /var/lib/gs/instances/_base/0x7vr-vxb0tn-rsjok9-cb8v-gm59z
L121~gs.api.log.43.2019-09-09_01:01 71668 INFO gs.compute.resource_tracker [ req-7kwbx-bql5g-dr2nm ] Base or swap file too young to remove: /var/lib/gs/instances/_base/ywof1-rbdla-2aque-8t26-95ewzi
L128~gs.api.log.76.10-09-2019_00:51:00 60316 INFO gs.resource.resource_tracker [ req-n80j6-er9xy-e6ba-l89bg-8sa2 ] Removing base or swap file: /var/lib/gs/instances/_base/u5qri-ovjcx-hxfm7-z210-l8ejk
L144~gs.api.log.65.2019-09-13_03:00 PM 39715 INFO gs.resource.claims [ req-mvdb8-fipw-n3zb-j602eg-57sy1o ] Removing base or swap file: /var/lib/gs/instances/_base/ib4t3-enwlc-vbk5lj-hwy80
L173~gs.api.log.59.04-09-2019_23:04 52377 INFO gs.api.openstack.compute.wsgi [ req-j1yt-0n37-nji3-xkf8 ] Unknown base file: /var/lib/gs/instances/_base/jlb62-q2b5x-92h5-hvtw-jd74zt
L182~gs.api.log.29.04-09-2019_07:15 43868 INFO gs.openstack.server [ req-4agu-07c3-1s9h6-nv8jct-y4lgs ] Unknown base file: /var/lib/gs/instances/_base/ndrl-53ijn-h9pg
L195~gs.api.log.52.Sep 12, 2019_11:11:00 35640 INFO gs.api.openstack.compute.wsgi [ req-kixja-37c9b-1yaqrz ] Base or swap file too young to remove: /var/lib/gs/instances/_base/dr2nm-a7s4-92zvgh
L198~gs.api.log.94.02-09-2019_21:18:00 6216 INFO gs.resource.manager [ req-8ohnb-sn08-c5n1vy ] Removing base or swap file: /var/lib/gs/instances/_base/uol7ef-4uz8-0zrw5
L216~gs.api.log.16.Sep 08, 2019_23:26:00 31403 INFO gs.api.openapi.compute.wsgi [ req-p2860-6od5mc-easb2 ] Removing base or swap file: /var/lib/gs/instances/_base/0v4wr-37c9b-2pz8
L225~gs.api.log.27.2019-09-08_05:51 AM 43619 INFO gs.openapi.server [ req-wrcp-il7e-a0um-l8i6v-hfujap ] Removing base or swap file: /var/lib/gs/instances/_base/uxnq-qvrlz-4dsm6h-251u
L228~gs.api.log.17.Sep 09, 2019_18:39:00 55373 INFO gs.openstack.wsgi.server [ req-cb8v-q7rzio-l8ejk ] Removing base or swap file: /var/lib/gs/instances/_base/1pje6m-8cqjwp-op4ryu-1eq4
L229~gs.api.log.93.2019-09-09_11:38 AM 98101 INFO gs.resource.manager [ req-vwypum-voi178-2soxl-rma8-vpog ] Base or swap file too young to remove: /var/lib/gs/instances/_base/n7w9u-wst3yd-6do12x-vhgtcd-zrbjc8
L236~gs.api.log.35.07-09-2019_11:05 PM 58610 INFO gs.compute.manager [ req-3npi-wrcp-vyrl ] Base or swap file too young to remove: /var/lib/gs/instances/_base/m826-qo8v0u-hwy80
L253~gs.api.log.74.Sep 01, 2019_09:32 PM 81454 INFO gs.resource.resource_tracker [ req-4uz8-z7ugl6-9a7mre-ndrl ] Base or swap file too young to remove: /var/lib/gs/instances/_base/07c3-h0kd-ubec-w4q2
L256~gs.api.log.85.Sep 06, 2019_08:44 19173 INFO gs.openstack.wsgi.server [ req-n6g4-be2u-0n37-pt2zo-er9xy ] Base or swap file too young to remove: /var/lib/gs/instances/_base/kh485z-r60qt4-myq6t-4uz8
L269~gs.api.log.18.2019-09-13_04:33 PM 13731 INFO gs.compute.manager [ req-9a7mre-gyb4k-8913pu ] Removing base or swap file: /var/lib/gs/instances/_base/2u03-ndrl-37c9b-cb4ngr-6exg9o
L276~gs.api.log.22.15-09-2019_08:53 97834 INFO gs.openapi.wsgi.server [ req-kd1q-1fdm7-uab0iz ] Unknown base file: /var/lib/gs/instances/_base/7jmh-ugkq-a7s4-6wl35r
L295~gs.api.log.47.13-09-2019_20:10:00 81024 INFO gs.compute.resource_tracker [ req-hjnbup-pt2zo-n8jsx-nji3-4d8fin ] Base or swap file too young to remove: /var/lib/gs/instances/_base/0eyq-ws0mh-rytxe8-du3mf
L305~gs.api.log.90.03-09-2019_11:05 PM 12240 INFO gs.openstack.server [ req-4t85u-rsjok9-q2b5x-wxf6-2bi3 ] Removing base or swap file: /var/lib/gs/instances/_base/wud8m-x2rl-mvdb8
L327~gs.api.log.35.Sep 13, 2019_01:41 PM 32327 INFO gs.resource.claims [ req-vleiy-rpa9o-moywpf-2pz8-x2rl ] Base or swap file too young to remove: /var/lib/gs/instances/_base/7zyp9-j4fbq-gzm5sd-28du-sngw
L330~gs.api.log.28.10-09-2019_04:42 PM 27206 INFO gs.resource.resource_tracker [ req-95ewzi-nji3-9q2us-q2b5x-7zyp9 ] Base or swap file too young to remove: /var/lib/gs/instances/_base/kyum-z210-cnklvu-o20nek-yn78p
L345~gs.api.log.37.2019-09-12_06:23 AM 39715 INFO gs.openapi.server [ req-x52i0-95ewzi-tnxuz ] Base or swap file too young to remove: /var/lib/gs/instances/_base/vla0s-n80j6-072ft-be2u-hx5on
L361~gs.api.log.60.Sep 11, 2019_14:49 89190 INFO gs.compute.manager [ req-ubec-3poj-mfwd6j ] Unknown base file: /var/lib/gs/instances/_base/e9f1-bdsu2p-bql5g
L368~gs.api.log.79.01-09-2019_20:47 78921 INFO gs.compute.manager [ req-kd1q-1fdm7-uab0iz ] Unknown base file: /var/lib/gs/instances/_base/vpog-kw0tiv-ws0mh
L371~gs.api.log.31.12-09-2019_22:54:00 45953 INFO gs.openapi.server [ req-d9uwo-wud8m-bdsu2p ] Removing base or swap file: /var/lib/gs/instances/_base/hxfm7-cmhkf9-h0kd
L379~gs.api.log.33.Sep 15, 2019_12:51 PM 4743 INFO gs.resource.manager [ req-rb23-1k8xh-05jdm-nv1ui-fipw ] Removing base or swap file: /var/lib/gs/instances/_base/tfzd-4uz8-wud8m-mvdb8-1wpskj
L385~gs.api.log.19.2019-09-14_21:20 75403 INFO gs.api.openstack.compute.wsgi [ req-7nxq-4nbsil-4fsdei-cm93ef-mvdb8 ] Removing base or swap file: /var/lib/gs/instances/_base/7dxu2-1khtw-4t85u
L393~gs.api.log.71.10-09-2019_19:13:00 45273 INFO gs.compute.resource_tracker [ req-a32lk-6hb83-ptcl ] Base or swap file too young to remove: /var/lib/gs/instances/_base/6hb83-3oh07-rb23
L412~gs.api.log.20.2019-09-01_13:46 80703 INFO gs.compute.resource_tracker [ req-ecovnl-cnklvu-h9pg-ntaj-ioxmw ] Base or swap file too young to remove: /var/lib/gs/instances/_base/fns8p-vpog-4t85u
L422~gs.api.log.29.12-09-2019_03:52 89190 INFO gs.openstack.server [ req-nv1ui-awy8e3-gmw3 ] Removing base or swap file: /var/lib/gs/instances/_base/az74cj-igbe5-yn78p
L423~gs.api.log.41.Sep 03, 2019_11:16 80201 INFO gs.resource.resource_tracker [ req-9y6vnd-hfujap-5v7pe0-ylvs ] Unknown base file: /var/lib/gs/instances/_base/4fsdei-ydjr7v-h4bjn
L432~gs.api.log.91.05-09-2019_15:57 44391 INFO gs.openstack.server [ req-n80j6-er9xy-e6ba-l89bg-8sa2 ] Unknown base file: /var/lib/gs/instances/_base/8mkw-6nub-ws0mh-jfinu-wst3yd
L440~gs.api.log.84.05-09-2019_04:42 39642 INFO gs.openapi.server [ req-0x7vr-vxb0tn-rsjok9-cb8v-gm59z ] Unknown base file: /var/lib/gs/instances/_base/6purm-u50a-wzp4ad-xdt1u-ufxz
L443~gs.api.log.88.Sep 07, 2019_04:15 AM 42358 INFO gs.openstack.wsgi.server [ req-hjnbup-pt2zo-n8jsx-nji3-4d8fin ] Base or swap file too young to remove: /var/lib/gs/instances/_base/8sa2-lf8pr1-2soxl-9top1-az74cj
L458~gs.api.log.97.14-09-2019_04:43 PM 89231 INFO gs.openstack.server [ req-d7zuw6-1khtw-5ji8 ] Removing base or swap file: /var/lib/gs/instances/_base/pt2zo-dr2nm-2bi3-ndrl
L460~gs.api.log.17.Sep 04, 2019_18:16 87105 INFO gs.api.openapi.compute.wsgi [ req-y8zx-hjnbup-nji3-p2860-ntau ] Removing base or swap file: /var/lib/gs/instances/_base/4szwa-4cz1n-st19-v7klnb
L464~gs.api.log.29.11-09-2019_08:37 AM 51093 INFO gs.api.openstack.compute.wsgi [ req-kz6vg-ax5skc-5zws-5u3f-a7s4 ] Removing base or swap file: /var/lib/gs/instances/_base/e9f1-bdsu2p-bql5g
L475~gs.api.log.61.Sep 15, 2019_07:46:00 7795 INFO gs.openapi.server [ req-0x7vr-53ijn-b3yovi ] Removing base or swap file: /var/lib/gs/instances/_base/vwctu-mvdb8-m51l
L476~gs.api.log.48.Sep 07, 2019_14:55:00 18018 INFO gs.compute.resource_tracker [ req-2u03-a8eyko-l8i6v ] Base or swap file too young to remove: /var/lib/gs/instances/_base/7dxu2-1khtw-4t85u
L484~gs.api.log.40.Sep 14, 2019_13:02 12113 INFO gs.openstack.server [ req-ecovnl-cnklvu-h9pg-ntaj-ioxmw ] Base or swap file too young to remove: /var/lib/gs/instances/_base/6czg50-cz92j4-op4ryu-njros0-qi4yxm
L504~gs.api.log.17.Sep 05, 2019_09:49 AM 59672 INFO gs.api.openapi.compute.wsgi [ req-6g9t-ydjr7v-0eyq-f1zgu ] Removing base or swap file: /var/lib/gs/instances/_base/ufxz-lctxos-ogc53-l89bg
L519~gs.api.log.42.2019-09-02_10:08 PM 62875 INFO gs.api.openstack.compute.wsgi [ req-jlb62-q2b5x-92h5-hvtw-jd74zt ] Removing base or swap file: /var/lib/gs/instances/_base/v3fcs-1eq4-10wn-vxb0tn
L526~gs.api.log.76.2019-09-04_23:17 55318 INFO gs.api.openstack.compute.wsgi [ req-2aque-d7zuw6-1yaqrz ] Base or swap file too young to remove: /var/lib/gs/instances/_base/07b8k3-9zi0wg-p5tb
L529~gs.api.log.31.Sep 08, 2019_11:19 2115 INFO gs.resource.claims [ req-1aeb-hkjo-1fdm7 ] Base or swap file too young to remove: /var/lib/gs/instances/_base/6czg50-znf6p1-cb4ngr-j6zsi-4m7wa
L550~gs.api.log.96.15-09-2019_10:29 PM 61211 INFO gs.resource.resource_tracker [ req-glde-a32lk-o20nek-9tci3b-1gbn ] Removing base or swap file: /var/lib/gs/instances/_base/vyrl-8mkw-8zl7-ydjr7v-pg4e
L554~gs.api.log.19.Sep 13, 2019_04:37 AM 65185 INFO gs.openstack.wsgi.server [ req-nxlm1-epdv4-i6qn3 ] Base or swap file too young to remove: /var/lib/gs/instances/_base/nbd8-i805py-joh69-x9cjd-ty3lzi
L571~gs.api.log.85.06-09-2019_17:35 31865 INFO gs.compute.resource_tracker [ req-z7ugl6-du3mf-7blvs-2m85w ] Unknown base file: /var/lib/gs/instances/_base/ndrl-vxb0tn-8cqjwp-wxf6
L573~gs.api.log.25.Sep 03, 2019_16:10 67404 INFO gs.openapi.wsgi.server [ req-n1wxm-mhyqjk-7blvs-78jxq-072ft ] Base or swap file too young to remove: /var/lib/gs/instances/_base/uxnq-sqwbf0-o9uw
L578~gs.api.log.34.Sep 01, 2019_12:30 PM 21863 INFO gs.openstack.server [ req-bo2j1i-rbdla-b7con1-cnrhos ] Removing base or swap file: /var/lib/gs/instances/_base/d9uwo-2bi3-lctxos-10wn
L596~gs.api.log.15.2019-09-07_20:54:00 18138 INFO gs.openapi.wsgi.server [ req-4t85u-qo8v0u-ubec-v3fcs-myq6t ] Removing base or swap file: /var/lib/gs/instances/_base/9tci3b-vxb0tn-bql5g
L598~gs.api.log.97.02-09-2019_05:33:00 6337 INFO gs.openapi.wsgi.server [ req-4t85u-qo8v0u-ubec-v3fcs-myq6t ] Base or swap file too young to remove: /var/lib/gs/instances/_base/q7rzio-za7m-kz6vg-be2u-nji3
L611~gs.api.log.97.Sep 06, 2019_12:03 AM 82992 INFO gs.api.openapi.compute.wsgi [ req-qmk5g9-7nxq-6od5mc ] Removing base or swap file: /var/lib/gs/instances/_base/yafw5-50frl-6ot1r-b0u4v
L612~gs.api.log.77.Sep 12, 2019_03:48 56038 INFO gs.openapi.server [ req-7dxu2-1khtw-4t85u ] Removing base or swap file: /var/lib/gs/instances/_base/5v7pe0-az74cj-ynj5
L616~gs.api.log.78.2019-09-01_05:10 AM 96043 INFO gs.resource.manager [ req-b7con1-z4rqj7-n80j6 ] Base or swap file too young to remove: /var/lib/gs/instances/_base/564sz-j4fbq-lem3a-az74cj
L653~gs.api.log.91.08-09-2019_11:48 19568 INFO gs.api.openstack.compute.wsgi [ req-1shqbf-v47k-2pz8-c5n1vy-lctxos ] Unknown base file: /var/lib/gs/instances/_base/cb8v-q7rzio-l8ejk
L656~gs.api.log.84.14-09-2019_15:01 11617 INFO gs.openapi.server [ req-4fsdei-ydjr7v-h4bjn ] Removing base or swap file: /var/lib/gs/instances/_base/0v4wr-g0zcrh-owm2d7
L663~gs.api.log.82.14-09-2019_05:16 78457 INFO gs.api.openapi.compute.wsgi [ req-9top1-6arqu-wst3yd-w4q2-ws0mh ] Unknown base file: /var/lib/gs/instances/_base/rhezju-6hb83-7vse1y
L675~gs.api.log.81.2019-09-04_10:21 62096 INFO gs.resource.claims [ req-2aque-tn296-yafw5-b5cn-43bt7y ] Removing base or swap file: /var/lib/gs/instances/_base/dw0s-itcrv8-x9cjd-gzm5sd
L689~gs.api.log.34.Sep 14, 2019_03:43:00 58504 INFO gs.openstack.server [ req-d7bus-cn6d-6g4iw0-1yaqrz ] Base or swap file too young to remove: /var/lib/gs/instances/_base/sxer-xmgj-p5tb
L706~gs.api.log.46.Sep 09, 2019_04:42 45273 INFO gs.api.openapi.compute.wsgi [ req-8sa2-lf8pr1-2soxl-9top1-az74cj ] Unknown base file: /var/lib/gs/instances/_base/amlkt-nbd8-gbdq0k-myq6t-i805py
L739~gs.api.log.95.2019-09-03_20:03 78680 INFO gs.api.openapi.compute.wsgi [ req-sqwbf0-fns8p-guc3-x52i0-m826 ] Base or swap file too young to remove: /var/lib/gs/instances/_base/y8zx-gyb4k-znquk
L747~gs.api.log.66.2019-09-09_08:07 AM 55102 INFO gs.api.openstack.compute.wsgi [ req-k9ewd-9q2us-nhwlbg ] Removing base or swap file: /var/lib/gs/instances/_base/2aque-tn296-yafw5-b5cn-43bt7y
L757~gs.api.log.23.14-09-2019_02:17 88902 INFO gs.compute.manager [ req-h0m2-ptcl-63u9fq ] Removing base or swap file: /var/lib/gs/instances/_base/12hy-du3mf-wbsqd-m826
L763~gs.api.log.34.Sep 02, 2019_14:23 84283 INFO gs.openstack.server [ req-nks2gm-pg4e-9abg ] Base or swap file too young to remove: /var/lib/gs/instances/_base/r60qt4-jr7s2-uol7ef-29jnpm
L765~gs.api.log.52.Sep 12, 2019_01:49:00 87816 INFO gs.api.openapi.compute.wsgi [ req-jd74zt-o74f-a5ug0-8zl7-9ifn ] Removing base or swap file: /var/lib/gs/instances/_base/krg2v9-er9xy-iz71
L773~gs.api.log.77.2019-09-02_12:01 PM 56773 INFO gs.openstack.server [ req-3qadsw-cn6d-r1qyx-9q2us-ej4rb ] Removing base or swap file: /var/lib/gs/instances/_base/wxf6-vbk5lj-4v2d
L775~gs.api.log.53.Sep 05, 2019_17:38 7527 INFO gs.resource.manager [ req-guc3-cm93ef-hjwo27 ] Unknown base file: /var/lib/gs/instances/_base/95ewzi-nji3-9q2us-q2b5x-7zyp9
L778~gs.api.log.62.2019-09-09_16:38:00 89751 INFO gs.resource.manager [ req-9a7mre-gyb4k-8913pu ] Removing base or swap file: /var/lib/gs/instances/_base/oi5g-fysr-ygqh9-kz6vg-kd5eu
L800~gs.api.log.80.2019-09-02_20:59 79424 INFO gs.api.openstack.compute.wsgi [ req-7blvs-1a54-r4wq1s-kw0tiv-mn76 ] Removing base or swap file: /var/lib/gs/instances/_base/gmw3-8aqge-joh69-zmogv
L817~gs.api.log.82.15-09-2019_09:39 52499 INFO gs.openapi.wsgi.server [ req-u9qae-hjnbup-ogc53-s2ft-x0rpa ] Unknown base file: /var/lib/gs/instances/_base/l89bg-4phrn-lctxos-2m85w
L819~gs.api.log.54.Sep 02, 2019_19:15:00 27794 INFO gs.compute.resource_tracker [ req-1zqaf-gux0-jvlt ] Base or swap file too young to remove: /var/lib/gs/instances/_base/i4k31-vleiy-voa1
L822~gs.api.log.68.2019-09-08_06:49 AM 99921 INFO gs.resource.claims [ req-wud8m-ydjr7v-10wn ] Base or swap file too young to remove: /var/lib/gs/instances/_base/ylvs-kh485z-54er
L824~gs.api.log.39.Sep 04, 2019_23:41 67990 INFO gs.api.openapi.compute.wsgi [ req-n6g4-1yaqrz-cgksh2-zrbjc8-tn296 ] Removing base or swap file: /var/lib/gs/instances/_base/7dxu2-1khtw-4t85u
L827~gs.api.log.81.Sep 07, 2019_21:27 78424 INFO gs.resource.claims [ req-37c9b-h0m2-h0kd-lf8pr1-ndrl ] Unknown base file: /var/lib/gs/instances/_base/p2860-6od5mc-easb2
L861~gs.api.log.63.Sep 04, 2019_20:27:00 61211 INFO gs.openstack.wsgi.server [ req-9y6vnd-7vse1y-8qoj-uxnq ] Removing base or swap file: /var/lib/gs/instances/_base/b5cn-ufxz-07b8k3-07c3
L879~gs.api.log.74.04-09-2019_05:38 PM 61669 INFO gs.api.openapi.compute.wsgi [ req-fcvp-2m85w-bdsu2p-voi178 ] Base or swap file too young to remove: /var/lib/gs/instances/_base/az74cj-igbe5-yn78p
L883~gs.api.log.78.Sep 02, 2019_02:32 94623 INFO gs.api.openapi.compute.wsgi [ req-m826-29jnpm-tnxuz-6od5mc-gqds ] Unknown base file: /var/lib/gs/instances/_base/q2b5x-0h4m-b38n-6arqu-ylvs
L884~gs.api.log.33.13-09-2019_10:48 5979 INFO gs.resource.claims [ req-uxnq-qvrlz-4dsm6h-251u ] Unknown base file: /var/lib/gs/instances/_base/cb4ngr-cnklvu-5ji8-ktiqb-4nbsil
L893~gs.api.log.73.03-09-2019_16:33:00 13183 INFO gs.resource.resource_tracker [ req-lem3a-xd16-2bi3-7nxq-rhezju ] Removing base or swap file: /var/lib/gs/instances/_base/s2ft-p5ek-8cqjwp-8mkw-0fpkx
L896~gs.api.log.14.2019-09-12_18:33 16135 INFO gs.openapi.wsgi.server [ req-kyum-kd1q-xu6th ] Removing base or swap file: /var/lib/gs/instances/_base/d7bus-a32lk-lem3a-h23ew
L919~gs.api.log.49.06-09-2019_06:43:00 38632 INFO gs.compute.manager [ req-amlkt-nbd8-gbdq0k-myq6t-i805py ] Base or swap file too young to remove: /var/lib/gs/instances/_base/nxlm1-4cz1n-uol7ef-ufxz-uxnq
L924~gs.api.log.46.2019-09-09_14:54:00 85976 INFO gs.api.openapi.compute.wsgi [ req-nbd8-i805py-joh69-x9cjd-ty3lzi ] Removing base or swap file: /var/lib/gs/instances/_base/xu6th-rytxe8-voi178-d7zuw6
L927~gs.api.log.59.Sep 12, 2019_20:47 12782 INFO gs.api.openapi.compute.wsgi [ req-sxer-xmgj-p5tb ] Removing base or swap file: /var/lib/gs/instances/_base/ved5la-st19-nac86
L931~gs.api.log.51.2019-09-11_19:01 13731 INFO gs.compute.manager [ req-vz2nx-rj0zcy-lem3a-hg2m1-j6zsi ] Removing base or swap file: /var/lib/gs/instances/_base/pkgfom-nhwlbg-78jxq-p2860
L959~gs.api.log.36.15-09-2019_20:49 27092 INFO gs.openapi.wsgi.server [ req-zrbjc8-voi178-oi5g ] Base or swap file too young to remove: /var/lib/gs/instances/_base/uy1al5-2ox7h9-b0u4v
L965~gs.api.log.20.Sep 05, 2019_10:50 26377 INFO gs.resource.resource_tracker [ req-659m7-51oy-gyb4k-iejl9-khe4zp ] Base or swap file too young to remove: /var/lib/gs/instances/_base/6purm-u50a-wzp4ad-xdt1u-ufxz
L988~gs.api.log.73.Sep 08, 2019_13:22:00 5151 INFO gs.openapi.server [ req-qmk5g9-7nxq-6od5mc ] Base or swap file too young to remove: /var/lib/gs/instances/_base/57sy1o-nv8jct-bql5g-lx5g-6fcpz3
L1006~gs.api.log.17.Sep 15, 2019_21:18:00 86615 INFO gs.openapi.wsgi.server [ req-ydp4fa-1ht782-wst3yd-wud8m ] Removing base or swap file: /var/lib/gs/instances/_base/n3zb-lcj1d-epdv4-t8i3f
L1016~gs.api.log.82.Sep 05, 2019_02:12 PM 24537 INFO gs.openstack.wsgi.server [ req-n80j6-er9xy-e6ba-l89bg-8sa2 ] Removing base or swap file: /var/lib/gs/instances/_base/qmk5g9-gd4ks-9zi0wg-fw0lc-8ohnb
L1020~gs.api.log.72.10-09-2019_09:19 AM 10554 INFO gs.compute.resource_tracker [ req-8sa2-moywpf-glde ] Base or swap file too young to remove: /var/lib/gs/instances/_base/6hb83-mn76-i6qn3-cgksh2-1ygsj
L1026~gs.api.log.11.01-09-2019_10:06 33343 INFO gs.api.openstack.compute.wsgi [ req-51oy-fw0lc-j602eg-jlb62-rpa9o ] Base or swap file too young to remove: /var/lib/gs/instances/_base/r60qt4-jr7s2-uol7ef-29jnpm
L1040~gs.api.log.41.10-09-2019_17:04:00 49011 INFO gs.compute.resource_tracker [ req-kyum-kd1q-xu6th ] Removing base or swap file: /var/lib/gs/instances/_base/pkgfom-nhwlbg-78jxq-p2860
L1045~gs.api.log.72.Sep 13, 2019_17:57 81087 INFO gs.api.openstack.compute.wsgi [ req-4d8fin-cmhkf9-9y6vnd-hjnbup-enwlc ] Unknown base file: /var/lib/gs/instances/_base/y9mjwk-6do12x-5eva8-gqds-64ugji
L1048~gs.api.log.79.Sep 02, 2019_17:55 23366 INFO gs.compute.manager [ req-l8ejk-wrcp-cnrhos ] Unknown base file: /var/lib/gs/instances/_base/lem3a-xd16-2bi3-7nxq-rhezju
