L59~gs.compute.log.89_2019-09-10_09:38:00 31521 INFO gs.openstack.wsgi.server [ req-7jmh-yafw5-lxad0 ] Creating event network-vif-plugged: for instance
L79~gs.compute.log.93_2019-09-10_08:28:00 6391 INFO gs.compute.manager [ req-vleiy-b5cn-l0ieb ] Creating event network-vif-plugged: for instance
L102~gs.compute.log.15_2019-09-03_17:26:00 56146 INFO gs.api.openstack.compute.wsgi [ req-8zl7-072ft-v47k-o20nek-fb9lk ] Creating event network-vif-plugged: for instance
L106~gs.compute.log.57_2019-09-06_22:31:00 11312 INFO gs.openapi.wsgi.server [ req-bql5g-1wpskj-er9xy-lf8pr1 ] Creating event network-vif-plugged: for instance
L111~gs.compute.log.76_2019-09-13_20:57:00 53446 INFO gs.compute.manager [ req-bztu59-a7s4-sxer ] Creating event network-vif-plugged: for instance
L117~gs.compute.log.84_2019-09-15_20:00:00 88624 INFO gs.api.openapi.compute.wsgi [ req-6od5mc-e6ba-xd16 ] Creating event network-vif-plugged: for instance
L122~gs.compute.log.43_2019-09-05_05:46:00 26377 INFO gs.api.openapi.compute.wsgi [ req-owm2d7-1fdm7-q7rzio-gqds ] Creating event network-vif-plugged: for instance
L133~gs.compute.log.74_2019-09-09_05:21:00 62096 INFO gs.openapi.wsgi.server [ req-9y6vnd-hfujap-5v7pe0-ylvs ] Creating event network-vif-plugged: for instance
L154~gs.compute.log.44_2019-09-10_06:12:00 97312 INFO gs.api.openapi.compute.wsgi [ req-vz2nx-5eva8-78jxq ] Creating event network-vif-plugged: for instance
L157~gs.compute.log.11_2019-09-05_11:27:00 70610 INFO gs.openapi.wsgi.server [ req-7jmh-5l1ne-nji3 ] Creating event network-vif-plugged: for instance
L158~gs.compute.log.79_2019-09-01_21:06:00 30553 INFO gs.openstack.wsgi.server [ req-8qoj-ynj5-e6ba ] Creating event network-vif-plugged: for instance
L166~gs.compute.log.77_2019-09-07_17:33:00 92941 INFO gs.resource.resource_tracker [ req-wbsqd-1m82u-znquk-34nme6-n80j6 ] Creating event network-vif-plugged: for instance
L169~gs.compute.log.74_2019-09-01_01:52:00 48300 INFO gs.resource.manager [ req-j1yt-0n37-nji3-xkf8 ] Creating event network-vif-plugged: for instance
L192~gs.compute.log.34_2019-09-12_16:22:00 40594 INFO gs.openapi.wsgi.server [ req-n6g4-be2u-0n37-pt2zo-er9xy ] Creating event network-vif-plugged: for instance
L193~gs.compute.log.46_2019-09-15_23:08:00 87076 INFO gs.compute.resource_tracker [ req-fns8p-kzunes-8t26-6hb83-9ifn ] Creating event network-vif-plugged: for instance
L206~gs.compute.log.86_2019-09-09_03:55:00 97366 INFO gs.openapi.server [ req-v47k-p2860-1m82u-guc3 ] Creating event network-vif-plugged: for instance
L214~gs.compute.log.91_2019-09-04_17:18:00 55107 INFO gs.resource.claims [ req-ywof1-snx5kr-1d4h3-bql5g-d7bus ] Creating event network-vif-plugged: for instance
L217~gs.compute.log.32_2019-09-14_03:57:00 82330 INFO gs.api.openstack.compute.wsgi [ req-rytxe8-why1-mzou ] Creating event network-vif-plugged: for instance
L232~gs.compute.log.92_2019-09-11_03:05:00 38514 INFO gs.api.openapi.compute.wsgi [ req-3poj-st19-r1qyx-kw0tiv ] Creating event network-vif-plugged: for instance
L235~gs.compute.log.46_2019-09-03_01:30:00 96822 INFO gs.compute.resource_tracker [ req-3v59y-k9ewd-9fqgh-1d4h3-bztu59 ] Creating event network-vif-plugged: for instance
L242~gs.compute.log.41_2019-09-08_01:57:00 61211 INFO gs.openapi.wsgi.server [ req-x52i0-2clbx-4nbsil ] Creating event network-vif-plugged: for instance
L247~gs.compute.log.55_2019-09-10_01:57:00 56378 INFO gs.api.openstack.compute.wsgi [ req-hfujap-564sz-a7s4-59rz-o74f ] Creating event network-vif-plugged: for instance
L270~gs.compute.log.30_2019-09-07_11:09:00 51721 INFO gs.resource.manager [ req-tdsx-rvkx-x52i0 ] Creating event network-vif-plugged: for instance
L277~gs.compute.log.52_2019-09-06_13:28:00 55567 INFO gs.api.openapi.compute.wsgi [ req-8dkjs1-tdsx-gyb4k-v7y98 ] Creating event network-vif-plugged: for instance
L278~gs.compute.log.76_2019-09-02_23:08:00 83155 INFO gs.api.openapi.compute.wsgi [ req-gyb4k-4nbsil-1ygsj-nji3 ] Creating event network-vif-plugged: for instance
L280~gs.compute.log.59_2019-09-15_16:06:00 96081 INFO gs.api.openstack.compute.wsgi [ req-ved5la-st19-nac86 ] Creating event network-vif-plugged: for instance
L284~gs.compute.log.78_2019-09-05_23:19:00 93308 INFO gs.resource.resource_tracker [ req-k4n8-7vse1y-6arqu-4agu ] Creating event network-vif-plugged: for instance
L291~gs.compute.log.39_2019-09-02_13:20:00 7806 INFO gs.openstack.wsgi.server [ req-1eq4-x9cjd-yp0io-6g9t ] Creating event network-vif-plugged: for instance
L292~gs.compute.log.68_2019-09-15_19:18:00 34434 INFO gs.openstack.server [ req-cb4ngr-cnklvu-5ji8-ktiqb-4nbsil ] Creating event network-vif-plugged: for instance
L316~gs.compute.log.49_2019-09-07_10:57:00 73685 INFO gs.api.openstack.compute.wsgi [ req-zwa26p-ptcl-nv8jct-2g7o1 ] Creating event network-vif-plugged: for instance
L319~gs.compute.log.47_2019-09-11_09:08:00 29925 INFO gs.resource.claims [ req-wrcp-il7e-a0um-l8i6v-hfujap ] Creating event network-vif-plugged: for instance
L348~gs.compute.log.51_2019-09-13_11:11:00 64148 INFO gs.resource.resource_tracker [ req-u9qae-8cqjwp-ywof1 ] Creating event network-vif-plugged: for instance
L349~gs.compute.log.69_2019-09-15_22:37:00 55373 INFO gs.api.openapi.compute.wsgi [ req-mfwd6j-rsjok9-w4q2-vwctu ] Creating event network-vif-plugged: for instance
L358~gs.compute.log.81_2019-09-03_23:18:00 73838 INFO gs.openstack.server [ req-q2b5x-0h4m-b38n-6arqu-ylvs ] Creating event network-vif-plugged: for instance
L382~gs.compute.log.65_2019-09-01_18:10:00 16915 INFO gs.openapi.server [ req-h0m2-ptcl-63u9fq ] Creating event network-vif-plugged: for instance
L442~gs.compute.log.21_2019-09-13_18:59:00 39348 INFO gs.openstack.wsgi.server [ req-07c3-h0kd-ubec-w4q2 ] Creating event network-vif-plugged: for instance
L469~gs.compute.log.10_2019-09-13_20:54:00 77399 INFO gs.openstack.wsgi.server [ req-snx5kr-4fsdei-vwctu-lf8pr1-1gbn ] Creating event network-vif-plugged: for instance
L474~gs.compute.log.72_2019-09-07_11:17:00 2115 INFO gs.compute.manager [ req-d7bus-cn6d-6g4iw0-1yaqrz ] Creating event network-vif-plugged: for instance
L480~gs.compute.log.19_2019-09-01_08:01:00 54331 INFO gs.api.openstack.compute.wsgi [ req-9bc6-d5fmv-guc3-a9ix ] Creating event network-vif-plugged: for instance
L482~gs.compute.log.46_2019-09-04_12:10:00 36606 INFO gs.openapi.wsgi.server [ req-8ohnb-1gbn-0eyq-1m82u-jvlt ] Creating event network-vif-plugged: for instance
L489~gs.compute.log.57_2019-09-01_15:54:00 34316 INFO gs.openstack.wsgi.server [ req-y9mjwk-6do12x-5eva8-gqds-64ugji ] Creating event network-vif-plugged: for instance
L498~gs.compute.log.33_2019-09-02_15:17:00 38407 INFO gs.resource.manager [ req-hjnbup-ntaj-a7s4-mzou-u9qae ] Creating event network-vif-plugged: for instance
L511~gs.compute.log.68_2019-09-15_05:34:00 20286 INFO gs.openstack.wsgi.server [ req-9a7mre-gyb4k-8913pu ] Creating event network-vif-plugged: for instance
L532~gs.compute.log.77_2019-09-15_08:39:00 89124 INFO gs.api.openapi.compute.wsgi [ req-lem3a-xd16-2bi3-7nxq-rhezju ] Creating event network-vif-plugged: for instance
L538~gs.compute.log.37_2019-09-03_11:21:00 92265 INFO gs.api.openapi.compute.wsgi [ req-jfinu-5v7pe0-why1-9y6vnd ] Creating event network-vif-plugged: for instance
L560~gs.compute.log.78_2019-09-13_19:02:00 67990 INFO gs.compute.resource_tracker [ req-a9oemu-1pje6m-4v2d-6do12x ] Creating event network-vif-plugged: for instance
L564~gs.compute.log.99_2019-09-03_07:16:00 97367 INFO gs.api.openstack.compute.wsgi [ req-rpa9o-7jmh-6g4iw0-myq6t-x9cjd ] Creating event network-vif-plugged: for instance
L582~gs.compute.log.97_2019-09-04_02:39:00 83237 INFO gs.resource.resource_tracker [ req-jd74zt-43bt7y-m23xr-kd5eu ] Creating event network-vif-plugged: for instance
L607~gs.compute.log.60_2019-09-12_22:08:00 48410 INFO gs.resource.resource_tracker [ req-ovjcx-l89bg-guc3 ] Creating event network-vif-plugged: for instance
L619~gs.compute.log.83_2019-09-07_05:33:00 59989 INFO gs.openstack.wsgi.server [ req-bztu59-5zws-njros0-07b8k3 ] Creating event network-vif-plugged: for instance
L621~gs.compute.log.87_2019-09-03_18:13:00 31568 INFO gs.openstack.server [ req-4uz8-rbdla-92zvgh-uab0iz-sgjlu ] Creating event network-vif-plugged: for instance
L626~gs.compute.log.33_2019-09-09_02:14:00 55900 INFO gs.openapi.wsgi.server [ req-50frl-jd74zt-w4q2 ] Creating event network-vif-plugged: for instance
L633~gs.compute.log.98_2019-09-10_21:03:00 82278 INFO gs.resource.manager [ req-lem3a-rhezju-igbe5-ioxmw ] Creating event network-vif-plugged: for instance
L658~gs.compute.log.25_2019-09-02_05:28:00 86091 INFO gs.compute.resource_tracker [ req-5v7pe0-az74cj-ynj5 ] Creating event network-vif-plugged: for instance
L662~gs.compute.log.62_2019-09-01_03:27:00 87816 INFO gs.resource.manager [ req-n7w9u-2i1w-b0u4v-ahegn ] Creating event network-vif-plugged: for instance
L672~gs.compute.log.20_2019-09-10_00:22:00 70051 INFO gs.resource.manager [ req-az74cj-28du-6fcpz3-tn296-il7e ] Creating event network-vif-plugged: for instance
L677~gs.compute.log.26_2019-09-04_10:50:00 40071 INFO gs.openstack.wsgi.server [ req-glde-26ingz-0zrw5-1s9h6 ] Creating event network-vif-plugged: for instance
L685~gs.compute.log.53_2019-09-04_08:25:00 26377 INFO gs.resource.manager [ req-x52i0-95ewzi-tnxuz ] Creating event network-vif-plugged: for instance
L686~gs.compute.log.77_2019-09-15_11:27:00 5979 INFO gs.api.openapi.compute.wsgi [ req-nji3-j1yt-zrbjc8-gd4ks-g195y ] Creating event network-vif-plugged: for instance
L693~gs.compute.log.95_2019-09-07_21:58:00 89190 INFO gs.resource.resource_tracker [ req-86olmf-o9uw-hkjo-bid2 ] Creating event network-vif-plugged: for instance
L730~gs.compute.log.62_2019-09-02_01:52:00 84587 INFO gs.openstack.wsgi.server [ req-xtqs-zwa26p-pkgfom-ntaj ] Creating event network-vif-plugged: for instance
L758~gs.compute.log.55_2019-09-14_12:30:00 14666 INFO gs.openapi.server [ req-y9a5i-l89bg-u50a ] Creating event network-vif-plugged: for instance
L761~gs.compute.log.77_2019-09-01_01:29:00 80673 INFO gs.openstack.server [ req-cnrhos-05jdm-wxf6-564sz-cb8v ] Creating event network-vif-plugged: for instance
L762~gs.compute.log.39_2019-09-09_23:39:00 84220 INFO gs.resource.resource_tracker [ req-xtqs-dwqbe1-8t9m ] Creating event network-vif-plugged: for instance
L767~gs.compute.log.34_2019-09-12_06:01:00 33118 INFO gs.compute.manager [ req-0x7vr-vxb0tn-rsjok9-cb8v-gm59z ] Creating event network-vif-plugged: for instance
L770~gs.compute.log.92_2019-09-05_01:22:00 37387 INFO gs.resource.claims [ req-hfujap-voa1-cnklvu ] Creating event network-vif-plugged: for instance
L788~gs.compute.log.36_2019-09-08_05:11:00 23960 INFO gs.openstack.wsgi.server [ req-qvrlz-kqijyd-easb2-l89bg-460fp ] Creating event network-vif-plugged: for instance
L801~gs.compute.log.59_2019-09-10_23:51:00 5930 INFO gs.api.openapi.compute.wsgi [ req-bql5g-1wpskj-er9xy-lf8pr1 ] Creating event network-vif-plugged: for instance
L814~gs.compute.log.62_2019-09-11_18:39:00 60707 INFO gs.api.openapi.compute.wsgi [ req-4t85u-qo8v0u-ubec-v3fcs-myq6t ] Creating event network-vif-plugged: for instance
L928~gs.compute.log.50_2019-09-13_12:40:00 16884 INFO gs.resource.resource_tracker [ req-iz71-4cz1n-3q0vo-lem3a ] Creating event network-vif-plugged: for instance
L963~gs.compute.log.41_2019-09-05_17:41:00 24328 INFO gs.openapi.server [ req-8mkw-6nub-ws0mh-jfinu-wst3yd ] Creating event network-vif-plugged: for instance
L964~gs.compute.log.68_2019-09-03_14:02:00 83237 INFO gs.api.openapi.compute.wsgi [ req-ubec-3poj-mfwd6j ] Creating event network-vif-plugged: for instance
L969~gs.compute.log.20_2019-09-11_06:55:00 7527 INFO gs.openstack.server [ req-iz71-4cz1n-3q0vo-lem3a ] Creating event network-vif-plugged: for instance
L973~gs.compute.log.37_2019-09-10_04:05:00 45688 INFO gs.openstack.wsgi.server [ req-3oh07-iz71-ufwp ] Creating event network-vif-plugged: for instance
L979~gs.compute.log.82_2019-09-14_04:05:00 13909 INFO gs.resource.claims [ req-n3zb-lcj1d-epdv4-t8i3f ] Creating event network-vif-plugged: for instance
L1014~gs.compute.log.89_2019-09-01_02:27:00 92203 INFO gs.resource.manager [ req-en3g-6do12x-vhgtcd-dw0s-5v7pe0 ] Creating event network-vif-plugged: for instance
L1019~gs.compute.log.38_2019-09-11_04:57:00 47047 INFO gs.resource.resource_tracker [ req-az74cj-igbe5-yn78p ] Creating event network-vif-plugged: for instance
L1021~gs.compute.log.21_2019-09-01_17:16:00 21778 INFO gs.openapi.server [ req-a9oemu-1pje6m-4v2d-6do12x ] Creating event network-vif-plugged: for instance
L1024~gs.compute.log.21_2019-09-01_08:01:00 6575 INFO gs.compute.manager [ req-2pz8-ansf0b-1khtw-za7m ] Creating event network-vif-plugged: for instance
L1027~gs.compute.log.17_2019-09-12_10:17:00 97834 INFO gs.compute.manager [ req-xms9j-8cqjwp-h0m2-9i57s-mn76 ] Creating event network-vif-plugged: for instance
L1035~gs.compute.log.60_2019-09-13_06:15:00 59938 INFO gs.compute.resource_tracker [ req-ved5la-nhwlbg-o9uw ] Creating event network-vif-plugged: for instance
L1037~gs.compute.log.93_2019-09-10_13:50:00 28843 INFO gs.compute.resource_tracker [ req-cm93ef-4yrq2-er9xy-4nbsil-gm59z ] Creating event network-vif-plugged: for instance
