L3~gs.compute.log.82.07-09-2019_05:17 PM 5534 INFO gs.openapi.server [ req-xms9j-g0zcrh-kd5eu ] "GET /latest/meta-data/block-device-mapping/ami HTTP/1.1" status: 200 len: 5204 time: 0.1012101
L7~gs.compute.log.87.06-09-2019_01:10 PM 71413 INFO gs.openapi.server [ req-251u-ntaj-92h5-tnxuz ] "GET /latest/meta-data/block-device-mapping/ami HTTP/1.1" status: 404 len: 1021 time: 0.6906691
L27~gs.compute.log.21.11-09-2019_02:35 PM 51083 INFO gs.compute.manager [ req-vleiy-st19-07b8k3-h4bjn-r60qt4 ] "GET /latest/meta-data/block-device-mapping/ami HTTP/1.1" status: 200 len: 1895 time: 0.9470947
L44~gs.compute.log.76.10-09-2019_09:22 AM 47901 INFO gs.resource.manager [ req-8qoj-gbdq0k-nhwlbg-vla0s-x3fz ] "GET /latest/meta-data/block-device-mapping/ami HTTP/1.1" status: 404 len: 2940 time: 0.0366037
L54~gs.compute.log.36.15-09-2019_05:38 PM 78758 INFO gs.api.openapi.compute.wsgi [ req-zwa26p-3g0j6-myq6t-epdv4-o74f ] "GET /latest/meta-data/block-device-mapping/ami HTTP/1.1" status: 200 len: 2090 time: 0.1117112
L98~gs.compute.log.19.06-09-2019_08:54 PM 88926 INFO gs.api.openstack.compute.wsgi [ req-2clbx-7zyp9-0v4wr-9jx42-1fdm7 ] "GET /latest/meta-data/block-device-mapping/ami HTTP/1.1" status: 200 len: 693 time: 0.7705771
L185~gs.compute.log.38.14-09-2019_02:27 PM 37236 INFO gs.openapi.server [ req-wrcp-il7e-a0um-l8i6v-hfujap ] "GET /latest/meta-data/block-device-mapping/ami HTTP/1.1" status: 404 len: 3435 time: 0.8358836
L194~gs.compute.log.34.06-09-2019_10:37 AM 45057 INFO gs.openstack.server [ req-rvabzf-y8zx-ed9k-3fmy ] "GET /latest/meta-data/block-device-mapping/ami HTTP/1.1" status: 200 len: 175 time: 0.9470947
L245~gs.compute.log.87.10-09-2019_04:15 AM 90849 INFO gs.compute.resource_tracker [ req-b5cn-ufxz-07b8k3-07c3 ] "GET /latest/meta-data/block-device-mapping/ami HTTP/1.1" status: 200 len: 5165 time: 0.0387039
L255~gs.compute.log.75.08-09-2019_06:13 AM 69915 INFO gs.resource.resource_tracker [ req-krg2v9-er9xy-iz71 ] "GET /latest/meta-data/block-device-mapping/ami HTTP/1.1" status: 200 len: 5640 time: 0.5533553
L260~gs.compute.log.60.03-09-2019_01:00 AM 77165 INFO gs.compute.resource_tracker [ req-rsjok9-7kwbx-qi4yxm ] "GET /latest/meta-data/block-device-mapping/ami HTTP/1.1" status: 200 len: 7126 time: 0.750375
L320~gs.compute.log.60.07-09-2019_05:56 PM 75002 INFO gs.openapi.wsgi.server [ req-a5ug0-lh94qw-o20nek-uxnq ] "GET /latest/meta-data/block-device-mapping/ami HTTP/1.1" status: 404 len: 7156 time: 0.0360036
L329~gs.compute.log.40.06-09-2019_06:30 AM 89560 INFO gs.openstack.server [ req-460fp-1d4h3-rb23-jba2 ] "GET /latest/meta-data/block-device-mapping/ami HTTP/1.1" status: 200 len: 8178 time: 0.0834083
L334~gs.compute.log.87.07-09-2019_11:04 PM 74431 INFO gs.resource.manager [ req-9y6vnd-hfujap-5v7pe0-ylvs ] "GET /latest/meta-data/block-device-mapping/ami HTTP/1.1" status: 404 len: 9970 time: 0.7812781
L351~gs.compute.log.73.01-09-2019_05:03 PM 79424 INFO gs.compute.resource_tracker [ req-q2b5x-59rz-9abg ] "GET /latest/meta-data/block-device-mapping/ami HTTP/1.1" status: 404 len: 5775 time: 0.7224722
L401~gs.compute.log.93.04-09-2019_12:49 PM 25109 INFO gs.openstack.server [ req-yafw5-50frl-6ot1r-b0u4v ] "GET /latest/meta-data/block-device-mapping/ami HTTP/1.1" status: 404 len: 5474 time: 0.6921692
L403~gs.compute.log.30.07-09-2019_07:29 AM 37201 INFO gs.resource.claims [ req-2clbx-yuikx0-wrcp-ubec-9jx42 ] "GET /latest/meta-data/block-device-mapping/ami HTTP/1.1" status: 404 len: 7471 time: 0.2077208
L406~gs.compute.log.85.10-09-2019_06:26 PM 53254 INFO gs.resource.manager [ req-6fcpz3-10wn-3npi-x9cjd-0x7vr ] "GET /latest/meta-data/block-device-mapping/ami HTTP/1.1" status: 200 len: 4261 time: 0.2916292
L437~gs.compute.log.55.15-09-2019_06:33 PM 76973 INFO gs.api.openstack.compute.wsgi [ req-sngw-28du-nbd8-rj0zcy-ba1v ] "GET /latest/meta-data/block-device-mapping/ami HTTP/1.1" status: 200 len: 8022 time: 0.3992399
L451~gs.compute.log.83.03-09-2019_09:59 AM 22167 INFO gs.openstack.wsgi.server [ req-9abg-tfzd-cnrhos ] "GET /latest/meta-data/block-device-mapping/ami HTTP/1.1" status: 404 len: 3435 time: 0.0233023
L496~gs.compute.log.90.03-09-2019_09:50 PM 77665 INFO gs.compute.manager [ req-a0um-ugkq-6x7z5 ] "GET /latest/meta-data/block-device-mapping/ami HTTP/1.1" status: 404 len: 8412 time: 0.3115312
L549~gs.compute.log.10.15-09-2019_04:34 PM 81163 INFO gs.openapi.server [ req-nxlm1-jr7s2-moywpf-c3mgjr ] "GET /latest/meta-data/block-device-mapping/ami HTTP/1.1" status: 200 len: 4516 time: 0.9331933
L568~gs.compute.log.36.07-09-2019_03:09 AM 34354 INFO gs.openstack.server [ req-y8zx-gyb4k-znquk ] "GET /latest/meta-data/block-device-mapping/ami HTTP/1.1" status: 404 len: 8883 time: 0.6277628
L579~gs.compute.log.74.05-09-2019_09:55 AM 75508 INFO gs.api.openapi.compute.wsgi [ req-d7zuw6-1khtw-5ji8 ] "GET /latest/meta-data/block-device-mapping/ami HTTP/1.1" status: 200 len: 8234 time: 0.7234723
L584~gs.compute.log.16.04-09-2019_05:51 PM 22178 INFO gs.api.openapi.compute.wsgi [ req-6fcpz3-10wn-3npi-x9cjd-0x7vr ] "GET /latest/meta-data/block-device-mapping/ami HTTP/1.1" status: 404 len: 4311 time: 0.4490449
L600~gs.compute.log.60.01-09-2019_10:30 AM 16598 INFO gs.compute.resource_tracker [ req-2pz8-251u-x9cjd-xkf8 ] "GET /latest/meta-data/block-device-mapping/ami HTTP/1.1" status: 200 len: 8808 time: 0.4671467
L605~gs.compute.log.89.07-09-2019_04:18 PM 23327 INFO gs.resource.manager [ req-0n37-ovjcx-sy65tl-g195y-9fqgh ] "GET /latest/meta-data/block-device-mapping/ami HTTP/1.1" status: 200 len: 8480 time: 0.1288129
L608~gs.compute.log.96.06-09-2019_12:45 PM 83362 INFO gs.openstack.server [ req-pg4e-qvrlz-jvlt-eqb6yn-0x7vr ] "GET /latest/meta-data/block-device-mapping/ami HTTP/1.1" status: 404 len: 1925 time: 0.1710171
L637~gs.compute.log.42.07-09-2019_02:35 PM 13649 INFO gs.resource.manager [ req-sngw-07c3-13a09 ] "GET /latest/meta-data/block-device-mapping/ami HTTP/1.1" status: 200 len: 348 time: 0.9887989
L712~gs.compute.log.38.13-09-2019_06:02 AM 46777 INFO gs.api.openapi.compute.wsgi [ req-l8i6v-63u9fq-ydjr7v ] "GET /latest/meta-data/block-device-mapping/ami HTTP/1.1" status: 200 len: 860 time: 0.1839184
L724~gs.compute.log.43.07-09-2019_10:51 AM 6371 INFO gs.api.openapi.compute.wsgi [ req-r36js-1khtw-bid2-op4ryu ] "GET /latest/meta-data/block-device-mapping/ami HTTP/1.1" status: 200 len: 4225 time: 0.0694069
L748~gs.compute.log.50.05-09-2019_03:46 PM 13843 INFO gs.api.openapi.compute.wsgi [ req-2soxl-7gtvf9-lem3a ] "GET /latest/meta-data/block-device-mapping/ami HTTP/1.1" status: 404 len: 9804 time: 0.6415642
L797~gs.compute.log.60.07-09-2019_07:43 AM 91728 INFO gs.openapi.server [ req-h0kd-o74f-vla0s-3g0j6-7vse1y ] "GET /latest/meta-data/block-device-mapping/ami HTTP/1.1" status: 200 len: 6450 time: 0.3290329
L816~gs.compute.log.47.05-09-2019_03:04 AM 51721 INFO gs.compute.resource_tracker [ req-y5tj-ufwp-34nme6-6do12x ] "GET /latest/meta-data/block-device-mapping/ami HTTP/1.1" status: 404 len: 666 time: 0.8433843
L836~gs.compute.log.51.03-09-2019_08:17 AM 86798 INFO gs.openstack.server [ req-vleiy-st19-07b8k3-h4bjn-r60qt4 ] "GET /latest/meta-data/block-device-mapping/ami HTTP/1.1" status: 200 len: 7563 time: 0.4410441
L862~gs.compute.log.10.09-09-2019_11:26 AM 57889 INFO gs.openapi.wsgi.server [ req-lem3a-xd16-2bi3-7nxq-rhezju ] "GET /latest/meta-data/block-device-mapping/ami HTTP/1.1" status: 200 len: 1046 time: 0.9672967
L866~gs.compute.log.76.06-09-2019_12:23 PM 97834 INFO gs.api.openapi.compute.wsgi [ req-du3mf-vyrl-rq1a ] "GET /latest/meta-data/block-device-mapping/ami HTTP/1.1" status: 200 len: 3486 time: 0.39954
L873~gs.compute.log.19.06-09-2019_02:27 AM 89050 INFO gs.openapi.wsgi.server [ req-jfinu-5v7pe0-why1-9y6vnd ] "GET /latest/meta-data/block-device-mapping/ami HTTP/1.1" status: 200 len: 3131 time: 0.6791679
L899~gs.compute.log.55.13-09-2019_06:21 AM 15514 INFO gs.resource.manager [ req-d7zuw6-1khtw-5ji8 ] "GET /latest/meta-data/block-device-mapping/ami HTTP/1.1" status: 200 len: 5114 time: 0.070107
L916~gs.compute.log.63.02-09-2019_02:06 AM 18298 INFO gs.openstack.server [ req-zcg4a-znf6p1-zrbjc8-a0um-myq6t ] "GET /latest/meta-data/block-device-mapping/ami HTTP/1.1" status: 404 len: 8427 time: 0.229623
L941~gs.compute.log.33.03-09-2019_05:06 PM 86409 INFO gs.openapi.wsgi.server [ req-dwqbe1-9bc6-vla0s-jfinu ] "GET /latest/meta-data/block-device-mapping/ami HTTP/1.1" status: 200 len: 7078 time: 0.9778978
L955~gs.compute.log.97.12-09-2019_01:58 PM 55318 INFO gs.openapi.server [ req-ndrl-5eva8-a0um-ydp4fa-mn76 ] "GET /latest/meta-data/block-device-mapping/ami HTTP/1.1" status: 200 len: 1827 time: 0.9319932
L974~gs.compute.log.61.13-09-2019_03:59 AM 21863 INFO gs.compute.manager [ req-e9f1-9bc6-9q2us-gbocui-p5ek ] "GET /latest/meta-data/block-device-mapping/ami HTTP/1.1" status: 404 len: 3131 time: 0.0454045
L1011~gs.compute.log.39.01-09-2019_11:54 PM 64882 INFO gs.resource.resource_tracker [ req-cm93ef-voi178-m23xr-cn6d-kixja ] "GET /latest/meta-data/block-device-mapping/ami HTTP/1.1" status: 404 len: 176 time: 0.7960796
L1034~gs.compute.log.35.12-09-2019_05:54 PM 71470 INFO gs.openstack.wsgi.server [ req-y9mjwk-n1yj-6wl35r-nhwlbg ] "GET /latest/meta-data/block-device-mapping/ami HTTP/1.1" status: 404 len: 8525 time: 0.440244
L1049~gs.compute.log.39.14-09-2019_05:14 PM 74431 INFO gs.openapi.server [ req-amlkt-l8ejk-cn6d-l89bg ] "GET /latest/meta-data/block-device-mapping/ami HTTP/1.1" status: 200 len: 9622 time: 0.419842