L28~gs.compute.log.45.08-09-2019_10:06 94917 INFO gs.api.openstack.compute.wsgi [ req-gyb4k-4nbsil-1ygsj-nji3 ] Total usable vcpus: 45, total allocated vcpus: 8
L56~gs.compute.log.83.09-09-2019_21:18 52139 INFO gs.compute.resource_tracker [ req-659m7-51oy-gyb4k-iejl9-khe4zp ] Total usable vcpus: 83, total allocated vcpus: 13
L76~gs.compute.log.90.04-09-2019_19:27 50675 INFO gs.resource.claims [ req-659m7-pt2zo-eqb6yn ] Total usable vcpus: 90, total allocated vcpus: 11
L132~gs.compute.log.58.10-09-2019_01:10 76076 INFO gs.compute.manager [ req-qmk5g9-7nxq-6od5mc ] Total usable vcpus: 58, total allocated vcpus: 9
L180~gs.compute.log.27.02-09-2019_11:08 39323 INFO gs.openstack.server [ req-37c9b-hxfm7-43bt7y-p5tb-ovjcx ] Total usable vgpus: 27, total allocated vgpus: 10
L189~gs.compute.log.30.13-09-2019_14:40 56850 INFO gs.resource.manager [ req-vla0s-n80j6-072ft-be2u-hx5on ] Total usable vgpus: 30, total allocated vgpus: 11
L290~gs.compute.log.43.04-09-2019_22:07 84061 INFO gs.compute.manager [ req-yafw5-x2sl-4cz1n-uy1al5-560z ] Total usable vgpus: 43, total allocated vgpus: 8
L298~gs.compute.log.51.14-09-2019_21:13 86119 INFO gs.api.openstack.compute.wsgi [ req-6nub-ydp4fa-l0ieb-d5fmv ] Total usable vcpus: 51, total allocated vcpus: 2
L350~gs.compute.log.91.10-09-2019_21:51 77399 INFO gs.api.openapi.compute.wsgi [ req-ywof1-rbdla-2aque-8t26-95ewzi ] Total usable vcpus: 91, total allocated vcpus: 8
L375~gs.compute.log.83.08-09-2019_11:47 6371 INFO gs.resource.claims [ req-8vpj-vxb0tn-5zery ] Total usable vgpus: 83, total allocated vgpus: 11
L410~gs.compute.log.32.02-09-2019_21:49 55580 INFO gs.resource.claims [ req-4fsdei-0e1x4b-hg2m1-wrcp-wc27vl ] Total usable vgpus: 32, total allocated vgpus: 14
L416~gs.compute.log.82.09-09-2019_20:21 28186 INFO gs.openapi.wsgi.server [ req-kh485z-9ifn-jlb62-5u3f-xms9j ] Total usable vcpus: 82, total allocated vcpus: 14
L479~gs.compute.log.88.15-09-2019_15:19 33118 INFO gs.resource.manager [ req-6ot1r-gm59z-gbocui ] Total usable vgpus: 88, total allocated vgpus: 12
L531~gs.compute.log.89.04-09-2019_03:05 48991 INFO gs.openapi.server [ req-95ewzi-nji3-9q2us-q2b5x-7zyp9 ] Total usable vgpus: 89, total allocated vgpus: 12
L542~gs.compute.log.27.14-09-2019_16:04 2983 INFO gs.compute.resource_tracker [ req-t8i3f-4dsm6h-0n37 ] Total usable vgpus: 27, total allocated vgpus: 8
L556~gs.compute.log.58.06-09-2019_06:59 61796 INFO gs.compute.manager [ req-d9uwo-2bi3-lctxos-10wn ] Total usable vcpus: 58, total allocated vcpus: 11
L574~gs.compute.log.48.05-09-2019_04:41 66184 INFO gs.compute.resource_tracker [ req-rpa9o-7jmh-6g4iw0-myq6t-x9cjd ] Total usable vcpus: 48, total allocated vcpus: 11
L613~gs.compute.log.51.01-09-2019_01:10 33434 INFO gs.resource.resource_tracker [ req-6od5mc-jr7s2-cmhkf9-du3mf-5v7pe0 ] Total usable vcpus: 51, total allocated vcpus: 2
L664~gs.compute.log.70.08-09-2019_13:51 40529 INFO gs.openapi.server [ req-vleiy-st19-07b8k3-h4bjn-r60qt4 ] Total usable vgpus: 70, total allocated vgpus: 13
L666~gs.compute.log.71.04-09-2019_13:18 9496 INFO gs.resource.claims [ req-guc3-za7m-1k8xh-072ft ] Total usable vcpus: 71, total allocated vcpus: 5
L681~gs.compute.log.76.08-09-2019_16:53 53124 INFO gs.compute.resource_tracker [ req-8vpj-g0zcrh-pg4e ] Total usable vcpus: 76, total allocated vcpus: 11
L725~gs.compute.log.65.06-09-2019_09:15 46419 INFO gs.openstack.wsgi.server [ req-2x0buc-b5cn-ws0mh-fysr ] Total usable vcpus: 65, total allocated vcpus: 14
L742~gs.compute.log.76.12-09-2019_08:36 82317 INFO gs.openapi.server [ req-8vpj-vxb0tn-5zery ] Total usable vcpus: 76, total allocated vcpus: 1
L749~gs.compute.log.83.03-09-2019_10:50 59844 INFO gs.compute.resource_tracker [ req-k4n8-7vse1y-6arqu-4agu ] Total usable vgpus: 83, total allocated vgpus: 6
L751~gs.compute.log.32.09-09-2019_20:59 30522 INFO gs.compute.manager [ req-a32lk-6hb83-ptcl ] Total usable vgpus: 32, total allocated vgpus: 8
L769~gs.compute.log.73.14-09-2019_04:20 25880 INFO gs.api.openstack.compute.wsgi [ req-57sy1o-nv8jct-bql5g-lx5g-6fcpz3 ] Total usable vcpus: 73, total allocated vcpus: 5
L772~gs.compute.log.50.11-09-2019_14:58 67198 INFO gs.resource.claims [ req-vla0s-n80j6-072ft-be2u-hx5on ] Total usable vcpus: 50, total allocated vcpus: 10
L782~gs.compute.log.29.11-09-2019_14:08 11496 INFO gs.openapi.server [ req-jlb62-8vpj-a8eyko-znf6p1 ] Total usable vcpus: 29, total allocated vcpus: 6
L784~gs.compute.log.79.07-09-2019_01:17 56014 INFO gs.api.openstack.compute.wsgi [ req-p2860-6od5mc-easb2 ] Total usable vgpus: 79, total allocated vgpus: 4
L796~gs.compute.log.36.13-09-2019_04:41 71668 INFO gs.openapi.server [ req-q2kdp-0x7vr-igbe5 ] Total usable vcpus: 36, total allocated vcpus: 5
L803~gs.compute.log.45.04-09-2019_09:12 5930 INFO gs.openapi.server [ req-0v4wr-kd1q-8sa2 ] Total usable vgpus: 45, total allocated vgpus: 7
L820~gs.compute.log.84.09-09-2019_08:21 55809 INFO gs.openapi.wsgi.server [ req-07b8k3-9zi0wg-p5tb ] Total usable vcpus: 84, total allocated vcpus: 14
L877~gs.compute.log.87.09-09-2019_01:17 87105 INFO gs.compute.resource_tracker [ req-n7w9u-lp7ie4-6od5mc-8vpj ] Total usable vcpus: 87, total allocated vcpus: 2
L890~gs.compute.log.71.03-09-2019_09:31 3670 INFO gs.compute.resource_tracker [ req-hfujap-564sz-a7s4-59rz-o74f ] Total usable vgpus: 71, total allocated vgpus: 8
L930~gs.compute.log.94.15-09-2019_12:10 99921 INFO gs.openstack.wsgi.server [ req-jd74zt-43bt7y-m23xr-kd5eu ] Total usable vcpus: 94, total allocated vcpus: 4
L975~gs.compute.log.39.06-09-2019_22:48 76827 INFO gs.openapi.wsgi.server [ req-ufxz-lctxos-ogc53-l89bg ] Total usable vgpus: 39, total allocated vgpus: 1
L1041~gs.compute.log.53.15-09-2019_04:41 69612 INFO gs.openstack.server [ req-2aque-d7zuw6-1yaqrz ] Total usable vgpus: 53, total allocated vgpus: 6
