L2~gs.api.compute.log.65.11-09-2019_04:57 AM 72310 INFO gs.api.openstack.compute.wsgi [ req-seht-hxfm7-znf6p1-f1zgu ] [ instance: 9y6vnd-0n37-x3fz-a7s4-e1ajgn ] VM Resumed (Lifecycle Event)
L5~gs.api.compute.log.48.2019-09-14_04:23 PM 1844 INFO gs.api.openstack.compute.wsgi [ req-l8i6v-63u9fq-ydjr7v ] [ instance: 2aque-tn296-yafw5-b5cn-43bt7y ] VM Paused (Lifecycle Event)
L33~gs.api.compute.log.91.15-09-2019_01:27 PM 45891 INFO gs.resource.resource_tracker [ req-9fqgh-6g9t-xdt1u-5zws ] [ instance: i6qn3-7aqk-snx5kr-50frl-8v3qyr ] VM Stopped (Lifecycle Event)
L35~gs.api.compute.log.13.2019-09-08_12:30 PM 70483 INFO gs.api.openstack.compute.wsgi [ req-2x0buc-x2sl-2u03 ] [ instance: b7con1-ansf0b-hgusmt ] VM Started (Lifecycle Event)
L39~gs.api.compute.log.48.09-09-2019_04:23 PM 80226 INFO gs.api.openapi.compute.wsgi [ req-p5tb-zcg4a-gyb4k-iz71 ] [ instance: sqwbf0-fns8p-guc3-x52i0-m826 ] VM Resumed (Lifecycle Event)
L51~gs.api.compute.log.59.2019-09-09_01:26 PM 38960 INFO gs.openapi.server [ req-dw0s-4vtbmc-vhgtcd-vz2nx-xkf8 ] [ instance: i6qn3-fb9lk-jvlt-k4n8-vla0s ] VM Paused (Lifecycle Event)
L81~gs.api.compute.log.35.Sep 02, 2019_01:14 AM 43499 INFO gs.api.openapi.compute.wsgi [ req-y8zx-gyb4k-znquk ] [ instance: awy8e3-v47k-z210-0n37 ] VM Stopped (Lifecycle Event)
L85~gs.api.compute.log.29.Sep 02, 2019_12:51 PM 80968 INFO gs.compute.resource_tracker [ req-hfujap-564sz-a7s4-59rz-o74f ] [ instance: 8zl7-gkya-8vpj-j602eg ] VM Resumed (Lifecycle Event)
L114~gs.api.compute.log.26.Sep 10, 2019_06:18 PM 5910 INFO gs.openstack.server [ req-vleiy-st19-07b8k3-h4bjn-r60qt4 ] [ instance: 12hy-du3mf-wbsqd-m826 ] VM Paused (Lifecycle Event)
L127~gs.api.compute.log.59.12-09-2019_04:09 PM 94887 INFO gs.resource.resource_tracker [ req-rsjok9-7kwbx-qi4yxm ] [ instance: hxfm7-cmhkf9-h0kd ] VM Stopped (Lifecycle Event)
L175~gs.api.compute.log.63.Sep 02, 2019_09:00 AM 81668 INFO gs.compute.resource_tracker [ req-6czg50-cz92j4-op4ryu-njros0-qi4yxm ] [ instance: a9oemu-1pje6m-4v2d-6do12x ] VM Paused (Lifecycle Event)
L212~gs.api.compute.log.14.04-09-2019_01:55 PM 44241 INFO gs.openstack.wsgi.server [ req-nhwlbg-hg2m1-8t9m-37c9b-7gtvf9 ] [ instance: ndrl-53ijn-h9pg ] VM Stopped (Lifecycle Event)
L219~gs.api.compute.log.55.07-09-2019_09:36 AM 49003 INFO gs.openapi.wsgi.server [ req-wxf6-ezvs7-mqz98h-znquk ] [ instance: nji3-j1yt-zrbjc8-gd4ks-g195y ] VM Resumed (Lifecycle Event)
L231~gs.api.compute.log.40.2019-09-14_04:57 AM 94979 INFO gs.api.openstack.compute.wsgi [ req-amlkt-l8ejk-cn6d-l89bg ] [ instance: wud8m-x2rl-mvdb8 ] VM Started (Lifecycle Event)
L241~gs.api.compute.log.49.2019-09-10_06:24 AM 29396 INFO gs.resource.manager [ req-glde-26ingz-0zrw5-1s9h6 ] [ instance: sngw-5bkrt-3g0j6 ] VM Resumed (Lifecycle Event)
L252~gs.api.compute.log.74.05-09-2019_05:45 PM 51721 INFO gs.openstack.server [ req-7aqk-mn76-ty3lzi ] [ instance: 37c9b-h0m2-h0kd-lf8pr1-ndrl ] VM Stopped (Lifecycle Event)
L265~gs.api.compute.log.40.10-09-2019_08:44 AM 53446 INFO gs.api.openstack.compute.wsgi [ req-4dsm6h-i805py-h4bjn-5bkrt ] [ instance: yuikx0-q89b-vwctu-zcg4a-6exg9o ] VM Paused (Lifecycle Event)
L275~gs.api.compute.log.18.Sep 14, 2019_11:37 AM 68509 INFO gs.compute.resource_tracker [ req-3q0vo-4g1jq-rsjok9 ] [ instance: be2u-50frl-kixja-d5fmv ] VM Started (Lifecycle Event)
L283~gs.api.compute.log.44.2019-09-14_03:53 PM 89228 INFO gs.resource.claims [ req-kixja-37c9b-1yaqrz ] [ instance: 9tci3b-vxb0tn-bql5g ] VM Paused (Lifecycle Event)
L299~gs.api.compute.log.42.2019-09-03_11:52 PM 92552 INFO gs.openapi.server [ req-n6g4-1yaqrz-cgksh2-zrbjc8-tn296 ] [ instance: 2u03-ndrl-37c9b-cb4ngr-6exg9o ] VM Paused (Lifecycle Event)
L328~gs.api.compute.log.46.Sep 12, 2019_03:53 PM 40594 INFO gs.resource.manager [ req-2i1w-mn76-hliy2 ] [ instance: t8i3f-4dsm6h-0n37 ] VM Started (Lifecycle Event)
L352~gs.api.compute.log.98.Sep 02, 2019_01:03 AM 59545 INFO gs.api.openstack.compute.wsgi [ req-yafw5-x2sl-4cz1n-uy1al5-560z ] [ instance: b5cn-ufxz-07b8k3-07c3 ] VM Paused (Lifecycle Event)
L357~gs.api.compute.log.91.2019-09-03_12:22 PM 48102 INFO gs.api.openapi.compute.wsgi [ req-du3mf-vyrl-rq1a ] [ instance: 8zl7-gkya-8vpj-j602eg ] VM Started (Lifecycle Event)
L360~gs.api.compute.log.51.07-09-2019_02:18 PM 27512 INFO gs.resource.claims [ req-tfzd-4uz8-wud8m-mvdb8-1wpskj ] [ instance: d7bus-cn6d-6g4iw0-1yaqrz ] VM Resumed (Lifecycle Event)
L363~gs.api.compute.log.69.2019-09-13_06:55 AM 88598 INFO gs.resource.resource_tracker [ req-m826-29jnpm-tnxuz-6od5mc-gqds ] [ instance: 4uz8-rbdla-92zvgh-uab0iz-sgjlu ] VM Started (Lifecycle Event)
L366~gs.api.compute.log.57.15-09-2019_04:22 AM 70948 INFO gs.openstack.server [ req-ywof1-snx5kr-1d4h3-bql5g-d7bus ] [ instance: hjnbup-9abg-258dx-hfujap ] VM Paused (Lifecycle Event)
L391~gs.api.compute.log.35.2019-09-12_03:09 AM 9364 INFO gs.api.openapi.compute.wsgi [ req-nbd8-mvdb8-6nub-5bkrt ] [ instance: ib4t3-enwlc-vbk5lj-hwy80 ] VM Started (Lifecycle Event)
L433~gs.api.compute.log.26.Sep 07, 2019_08:23 PM 76831 INFO gs.openapi.wsgi.server [ req-ydp4fa-i6qn3-kd1q ] [ instance: n7w9u-tn296-gmw3 ] VM Paused (Lifecycle Event)
L445~gs.api.compute.log.56.2019-09-14_09:49 AM 76429 INFO gs.openstack.wsgi.server [ req-4nbsil-xms9j-fysr ] [ instance: snx5kr-4fsdei-vwctu-lf8pr1-1gbn ] VM Stopped (Lifecycle Event)
L446~gs.api.compute.log.24.2019-09-12_07:10 PM 30003 INFO gs.resource.manager [ req-4d8fin-cmhkf9-9y6vnd-hjnbup-enwlc ] [ instance: en3g-n7w9u-9y6vnd ] VM Paused (Lifecycle Event)
L466~gs.api.compute.log.49.2019-09-12_05:04 PM 10996 INFO gs.compute.manager [ req-bztu59-a7s4-sxer ] [ instance: ufxz-lctxos-ogc53-l89bg ] VM Stopped (Lifecycle Event)
L468~gs.api.compute.log.73.2019-09-03_06:11 AM 44241 INFO gs.compute.manager [ req-ywof1-snx5kr-1d4h3-bql5g-d7bus ] [ instance: sxer-1pje6m-jk6v1l ] VM Paused (Lifecycle Event)
L470~gs.api.compute.log.77.2019-09-07_07:08 AM 1769 INFO gs.compute.resource_tracker [ req-4d8fin-cmhkf9-9y6vnd-hjnbup-enwlc ] [ instance: 6od5mc-jr7s2-cmhkf9-du3mf-5v7pe0 ] VM Resumed (Lifecycle Event)
L471~gs.api.compute.log.42.2019-09-05_04:17 AM 29845 INFO gs.openstack.server [ req-9tci3b-vxb0tn-bql5g ] [ instance: iz71-4cz1n-3q0vo-lem3a ] VM Stopped (Lifecycle Event)
L486~gs.api.compute.log.68.13-09-2019_11:52 PM 20286 INFO gs.compute.manager [ req-8zl7-072ft-v47k-o20nek-fb9lk ] [ instance: mzou-y9mjwk-khe4zp-e7bt8n ] VM Resumed (Lifecycle Event)
L492~gs.api.compute.log.79.Sep 06, 2019_03:11 PM 5910 INFO gs.resource.claims [ req-xtqs-dwqbe1-8t9m ] [ instance: rvkx-sxer-sgnvfi-l8i6v ] VM Paused (Lifecycle Event)
L499~gs.api.compute.log.78.2019-09-01_03:26 AM 77534 INFO gs.openapi.wsgi.server [ req-6czg50-znf6p1-cb4ngr-j6zsi-4m7wa ] [ instance: n1wxm-mhyqjk-7blvs-78jxq-072ft ] VM Resumed (Lifecycle Event)
L505~gs.api.compute.log.94.Sep 12, 2019_07:49 AM 88624 INFO gs.openapi.wsgi.server [ req-4szwa-4cz1n-st19-v7klnb ] [ instance: 1yaqrz-7dxu2-9tci3b ] VM Stopped (Lifecycle Event)
L509~gs.api.compute.log.20.11-09-2019_09:00 AM 25112 INFO gs.resource.manager [ req-e9f1-9bc6-9q2us-gbocui-p5ek ] [ instance: 460fp-6arqu-od0p-i4mf ] VM Started (Lifecycle Event)
L517~gs.api.compute.log.27.Sep 10, 2019_08:07 AM 45214 INFO gs.resource.manager [ req-ufxz-lctxos-ogc53-l89bg ] [ instance: r4wq1s-voi178-8zl7-3npi ] VM Resumed (Lifecycle Event)
L521~gs.api.compute.log.90.Sep 07, 2019_08:31 PM 15508 INFO gs.openapi.wsgi.server [ req-9abg-tfzd-cnrhos ] [ instance: en3g-6do12x-vhgtcd-dw0s-5v7pe0 ] VM Resumed (Lifecycle Event)
L540~gs.api.compute.log.68.03-09-2019_03:15 AM 35600 INFO gs.compute.manager [ req-wzp4ad-mqz98h-lem3a-unh6 ] [ instance: 37c9b-h0m2-h0kd-lf8pr1-ndrl ] VM Stopped (Lifecycle Event)
L551~gs.api.compute.log.18.Sep 04, 2019_08:25 PM 86119 INFO gs.openapi.wsgi.server [ req-4szwa-4cz1n-st19-v7klnb ] [ instance: wzp4ad-a9ix-8cqjwp-f1zgu ] VM Paused (Lifecycle Event)
L577~gs.api.compute.log.21.2019-09-12_07:14 AM 30758 INFO gs.openstack.server [ req-0e1x4b-07c3-vhgtcd ] [ instance: 4szwa-4cz1n-st19-v7klnb ] VM Stopped (Lifecycle Event)
L610~gs.api.compute.log.24.09-09-2019_08:17 PM 6329 INFO gs.openstack.server [ req-9fqgh-6g9t-xdt1u-5zws ] [ instance: n7w9u-tn296-gmw3 ] VM Started (Lifecycle Event)
L638~gs.api.compute.log.83.2019-09-14_02:59 PM 24537 INFO gs.api.openstack.compute.wsgi [ req-ecovnl-34nme6-4d8fin-ylvs ] [ instance: nji3-j1yt-zrbjc8-gd4ks-g195y ] VM Paused (Lifecycle Event)
L652~gs.api.compute.log.65.2019-09-12_02:27 PM 40375 INFO gs.compute.resource_tracker [ req-y8zx-hjnbup-nji3-p2860-ntau ] [ instance: n6g4-hp962c-n8jsx-xp7z-x0s1 ] VM Paused (Lifecycle Event)
L660~gs.api.compute.log.49.2019-09-04_01:32 AM 20411 INFO gs.api.openapi.compute.wsgi [ req-ndrl-5eva8-a0um-ydp4fa-mn76 ] [ instance: cb8v-q7rzio-l8ejk ] VM Paused (Lifecycle Event)
L673~gs.api.compute.log.35.Sep 14, 2019_03:38 PM 78612 INFO gs.openapi.wsgi.server [ req-kyum-kd1q-xu6th ] [ instance: vkcih-8cqjwp-7uy6 ] VM Paused (Lifecycle Event)
L688~gs.api.compute.log.73.Sep 01, 2019_06:50 PM 12774 INFO gs.api.openapi.compute.wsgi [ req-0v4wr-37c9b-2pz8 ] [ instance: g195y-5u3f-qmk5g9 ] VM Resumed (Lifecycle Event)
L691~gs.api.compute.log.56.03-09-2019_03:27 AM 5534 INFO gs.resource.manager [ req-0v4wr-g0zcrh-owm2d7 ] [ instance: 4fsdei-1zaf04-ufxz-iv6no ] VM Started (Lifecycle Event)
L697~gs.api.compute.log.35.13-09-2019_04:42 PM 19883 INFO gs.openapi.wsgi.server [ req-ved5la-nhwlbg-o9uw ] [ instance: 4t85u-qo8v0u-ubec-v3fcs-myq6t ] VM Started (Lifecycle Event)
L704~gs.api.compute.log.35.06-09-2019_05:08 AM 1923 INFO gs.openapi.wsgi.server [ req-oi5g-fysr-ygqh9-kz6vg-kd5eu ] [ instance: b7con1-ansf0b-hgusmt ] VM Paused (Lifecycle Event)
L708~gs.api.compute.log.17.Sep 12, 2019_04:57 AM 5979 INFO gs.compute.resource_tracker [ req-cm93ef-4yrq2-er9xy-4nbsil-gm59z ] [ instance: 1aeb-hkjo-1fdm7 ] VM Resumed (Lifecycle Event)
L720~gs.api.compute.log.61.11-09-2019_09:15 AM 50675 INFO gs.api.openstack.compute.wsgi [ req-amlkt-l8ejk-cn6d-l89bg ] [ instance: x52i0-2clbx-4nbsil ] VM Paused (Lifecycle Event)
L729~gs.api.compute.log.60.2019-09-05_06:26 PM 87005 INFO gs.openapi.server [ req-r4wq1s-voi178-8zl7-3npi ] [ instance: rvabzf-y8zx-ed9k-3fmy ] VM Paused (Lifecycle Event)
L736~gs.api.compute.log.66.13-09-2019_11:40 AM 62875 INFO gs.compute.manager [ req-qmk5g9-7nxq-6od5mc ] [ instance: 6od5mc-e6ba-xd16 ] VM Started (Lifecycle Event)
L741~gs.api.compute.log.16.Sep 05, 2019_12:51 PM 33094 INFO gs.compute.resource_tracker [ req-r4wq1s-voi178-8zl7-3npi ] [ instance: n80j6-er9xy-e6ba-l89bg-8sa2 ] VM Resumed (Lifecycle Event)
L744~gs.api.compute.log.19.07-09-2019_04:42 PM 55013 INFO gs.openstack.wsgi.server [ req-yafw5-50frl-6ot1r-b0u4v ] [ instance: 2clbx-yuikx0-wrcp-ubec-9jx42 ] VM Paused (Lifecycle Event)
L774~gs.api.compute.log.96.04-09-2019_04:48 PM 13994 INFO gs.api.openapi.compute.wsgi [ req-sngw-28du-nbd8-rj0zcy-ba1v ] [ instance: h0kd-o74f-vla0s-3g0j6-7vse1y ] VM Resumed (Lifecycle Event)
L781~gs.api.compute.log.93.2019-09-08_07:20 AM 56426 INFO gs.resource.claims [ req-fcvp-2m85w-bdsu2p-voi178 ] [ instance: xtqs-dwqbe1-8t9m ] VM Stopped (Lifecycle Event)
L786~gs.api.compute.log.59.Sep 07, 2019_11:04 PM 54646 INFO gs.compute.manager [ req-659m7-51oy-gyb4k-iejl9-khe4zp ] [ instance: ylvs-kh485z-54er ] VM Resumed (Lifecycle Event)
L795~gs.api.compute.log.13.2019-09-11_01:10 PM 62498 INFO gs.resource.claims [ req-hfujap-2pz8-lctxos-nbd8 ] [ instance: jlb62-8vpj-a8eyko-znf6p1 ] VM Started (Lifecycle Event)
L799~gs.api.compute.log.34.05-09-2019_07:10 AM 5881 INFO gs.openstack.wsgi.server [ req-ved5la-st19-nac86 ] [ instance: lem3a-rhezju-igbe5-ioxmw ] VM Paused (Lifecycle Event)
L813~gs.api.compute.log.53.2019-09-07_10:38 PM 22710 INFO gs.api.openstack.compute.wsgi [ req-l0ieb-7nxq-9y6vnd ] [ instance: kyum-z210-cnklvu-o20nek-yn78p ] VM Resumed (Lifecycle Event)
L840~gs.api.compute.log.19.Sep 11, 2019_08:42 AM 52362 INFO gs.openstack.server [ req-dr2nm-n7w9u-7gtvf9-vhgtcd-2i1w ] [ instance: h9pg-9jx42-2aque-5zery-moywpf ] VM Started (Lifecycle Event)
L841~gs.api.compute.log.10.2019-09-13_07:43 AM 76473 INFO gs.api.openstack.compute.wsgi [ req-mn76-6ot1r-4d8fin-hfujap ] [ instance: 3v59y-k9ewd-9fqgh-1d4h3-bztu59 ] VM Started (Lifecycle Event)
L842~gs.api.compute.log.45.2019-09-05_03:04 AM 58610 INFO gs.openapi.server [ req-51oy-fw0lc-j602eg-jlb62-rpa9o ] [ instance: 7blvs-1a54-r4wq1s-kw0tiv-mn76 ] VM Stopped (Lifecycle Event)
L846~gs.api.compute.log.14.09-09-2019_01:10 PM 30758 INFO gs.compute.resource_tracker [ req-n80j6-59rz-wzp4ad-9q2us ] [ instance: d7zuw6-uh29c-54er ] VM Resumed (Lifecycle Event)
L852~gs.api.compute.log.43.2019-09-05_01:15 AM 86752 INFO gs.openapi.wsgi.server [ req-8zl7-gkya-8vpj-j602eg ] [ instance: 6g9t-ydjr7v-0eyq-f1zgu ] VM Paused (Lifecycle Event)
L870~gs.api.compute.log.14.2019-09-09_11:12 AM 37393 INFO gs.openapi.server [ req-ndrl-vxb0tn-8cqjwp-wxf6 ] [ instance: 37c9b-hxfm7-43bt7y-p5tb-ovjcx ] VM Started (Lifecycle Event)
L871~gs.api.compute.log.38.Sep 03, 2019_03:07 PM 47641 INFO gs.resource.manager [ req-x2rl-7vse1y-lxad0 ] [ instance: a32lk-6hb83-ptcl ] VM Paused (Lifecycle Event)
L886~gs.api.compute.log.29.09-09-2019_08:56 PM 85719 INFO gs.openstack.wsgi.server [ req-d5fmv-4dsm6h-m51l ] [ instance: rb23-1k8xh-05jdm-nv1ui-fipw ] VM Resumed (Lifecycle Event)
L902~gs.api.compute.log.58.Sep 01, 2019_04:13 AM 12240 INFO gs.resource.manager [ req-fns8p-vpog-4t85u ] [ instance: r60qt4-jr7s2-uol7ef-29jnpm ] VM Started (Lifecycle Event)
L918~gs.api.compute.log.94.06-09-2019_02:13 AM 63066 INFO gs.openapi.server [ req-1aeb-hkjo-1fdm7 ] [ instance: 460fp-1d4h3-rb23-jba2 ] VM Started (Lifecycle Event)
L932~gs.api.compute.log.21.15-09-2019_03:53 PM 73252 INFO gs.openstack.wsgi.server [ req-eu14n6-e7bt8n-j6zsi-jlb62 ] [ instance: 460fp-1d4h3-rb23-jba2 ] VM Resumed (Lifecycle Event)
L933~gs.api.compute.log.37.2019-09-06_02:43 PM 81454 INFO gs.compute.manager [ req-rvabzf-y8zx-ed9k-3fmy ] [ instance: kh485z-r60qt4-myq6t-4uz8 ] VM Stopped (Lifecycle Event)
L940~gs.api.compute.log.22.2019-09-14_03:45 AM 93344 INFO gs.compute.manager [ req-7dxu2-vwypum-wbsqd-uab0iz-659m7 ] [ instance: y9a5i-l89bg-u50a ] VM Resumed (Lifecycle Event)
L948~gs.api.compute.log.82.05-09-2019_03:42 AM 82546 INFO gs.resource.resource_tracker [ req-cb8v-vleiy-za7m-7zyp9-t5uyn ] [ instance: nhwlbg-sqwbf0-4dsm6h-voi178 ] VM Resumed (Lifecycle Event)
L953~gs.api.compute.log.82.Sep 07, 2019_10:17 AM 64148 INFO gs.openstack.server [ req-7kwbx-bql5g-dr2nm ] [ instance: tdskc-rb23-6exg9o ] VM Started (Lifecycle Event)
L961~gs.api.compute.log.31.2019-09-13_10:53 PM 57344 INFO gs.api.openapi.compute.wsgi [ req-uxnq-bo2j1i-g195y-za7m-kz6vg ] [ instance: ywof1-rbdla-2aque-8t26-95ewzi ] VM Stopped (Lifecycle Event)
L962~gs.api.compute.log.67.Sep 07, 2019_11:52 PM 53124 INFO gs.openapi.wsgi.server [ req-7dxu2-4dsm6h-nv8jct-8zl7 ] [ instance: 6fcpz3-10wn-3npi-x9cjd-0x7vr ] VM Stopped (Lifecycle Event)
L972~gs.api.compute.log.77.01-09-2019_11:48 PM 80902 INFO gs.resource.resource_tracker [ req-kqijyd-1eq4-jd74zt-seht ] [ instance: kyum-z210-cnklvu-o20nek-yn78p ] VM Paused (Lifecycle Event)
L989~gs.api.compute.log.65.14-09-2019_11:05 PM 2784 INFO gs.compute.resource_tracker [ req-guc3-uol7ef-wrcp-64ugji-nji3 ] [ instance: z210-cb8v-dr2nm-rpa9o-10wn ] VM Paused (Lifecycle Event)
L1017~gs.api.compute.log.27.2019-09-12_05:48 PM 36326 INFO gs.openapi.wsgi.server [ req-cm93ef-4yrq2-er9xy-4nbsil-gm59z ] [ instance: ved5la-nhwlbg-o9uw ] VM Stopped (Lifecycle Event)
L1023~gs.api.compute.log.11.08-09-2019_02:14 AM 24874 INFO gs.openapi.wsgi.server [ req-amlkt-l8ejk-cn6d-l89bg ] [ instance: wxf6-ezvs7-mqz98h-znquk ] VM Paused (Lifecycle Event)
L1025~gs.api.compute.log.74.Sep 09, 2019_05:34 PM 89228 INFO gs.openapi.server [ req-dr2nm-n7w9u-7gtvf9-vhgtcd-2i1w ] [ instance: ydp4fa-1ht782-wst3yd-wud8m ] VM Started (Lifecycle Event)
L1029~gs.api.compute.log.48.2019-09-08_10:32 AM 85577 INFO gs.openapi.wsgi.server [ req-7dxu2-1khtw-4t85u ] [ instance: snx5kr-4fsdei-vwctu-lf8pr1-1gbn ] VM Stopped (Lifecycle Event)
