L11~gs.compute.log.47.14-09-2019_23:31 68509 INFO gs.api.openapi.compute.wsgi [ req-ioxmw-6nub-4yrq2 ] Total usable disk: 47GB, total allocated disk: 12GB
L12~gs.compute.log.85.13-09-2019_16:34 32814 INFO gs.compute.manager [ req-qmk5g9-7nxq-6od5mc ] Total usable memory: 85GB, total allocated memory: 4GB
L13~gs.compute.log.34.15-09-2019_07:20 27141 INFO gs.compute.resource_tracker [ req-4uz8-ubec-rytxe8-8v3qyr ] Total usable disk: 34GB, total allocated disk: 13GB
L20~gs.compute.log.87.15-09-2019_23:25 6367 INFO gs.openstack.server [ req-ved5la-a7s4-ydjr7v-y9mjwk ] Total usable disk: 87GB, total allocated disk: 14GB
L65~gs.compute.log.99.10-09-2019_11:07 46039 INFO gs.api.openstack.compute.wsgi [ req-t8i3f-4dsm6h-0n37 ] Total usable disk: 99GB, total allocated disk: 8GB
L84~gs.compute.log.62.02-09-2019_19:10 23366 INFO gs.compute.manager [ req-gyb4k-4nbsil-1ygsj-nji3 ] Total usable memory: 62GB, total allocated memory: 7GB
L160~gs.compute.log.68.04-09-2019_09:14 57423 INFO gs.resource.manager [ req-0e1x4b-07c3-vhgtcd ] Total usable memory: 68GB, total allocated memory: 4GB
L168~gs.compute.log.42.06-09-2019_17:59 38514 INFO gs.openstack.wsgi.server [ req-mzou-y9mjwk-khe4zp-e7bt8n ] Total usable disk: 42GB, total allocated disk: 11GB
L176~gs.compute.log.95.15-09-2019_13:08 70097 INFO gs.api.openstack.compute.wsgi [ req-6czg50-znf6p1-cb4ngr-j6zsi-4m7wa ] Total usable disk: 95GB, total allocated disk: 5GB
L209~gs.compute.log.62.14-09-2019_08:43 88423 INFO gs.api.openstack.compute.wsgi [ req-vwypum-voi178-2soxl-rma8-vpog ] Total usable memory: 62GB, total allocated memory: 2GB
L281~gs.compute.log.80.10-09-2019_11:05 31129 INFO gs.api.openapi.compute.wsgi [ req-vwypum-voi178-2soxl-rma8-vpog ] Total usable disk: 80GB, total allocated disk: 4GB
L304~gs.compute.log.28.14-09-2019_12:23 45309 INFO gs.resource.claims [ req-2u03-ndrl-37c9b-cb4ngr-6exg9o ] Total usable memory: 28GB, total allocated memory: 3GB
L420~gs.compute.log.44.01-09-2019_21:13 87105 INFO gs.resource.manager [ req-7zyp9-j4fbq-gzm5sd-28du-sngw ] Total usable disk: 44GB, total allocated disk: 12GB
L439~gs.compute.log.44.09-09-2019_09:17 27169 INFO gs.resource.manager [ req-kixja-glde-1ygsj-x0rpa-pn4q2 ] Total usable memory: 44GB, total allocated memory: 5GB
L456~gs.compute.log.25.12-09-2019_15:07 78881 INFO gs.openstack.server [ req-pt2zo-dr2nm-2bi3-ndrl ] Total usable memory: 25GB, total allocated memory: 5GB
L459~gs.compute.log.17.06-09-2019_22:43 91445 INFO gs.resource.manager [ req-kzunes-rvkx-258dx-ntaj-ndrl ] Total usable disk: 17GB, total allocated disk: 14GB
L514~gs.compute.log.77.13-09-2019_19:58 44208 INFO gs.compute.manager [ req-xms9j-8cqjwp-h0m2-9i57s-mn76 ] Total usable disk: 77GB, total allocated disk: 13GB
L527~gs.compute.log.54.04-09-2019_21:25 72903 INFO gs.resource.claims [ req-7jmh-ugkq-a7s4-6wl35r ] Total usable disk: 54GB, total allocated disk: 10GB
L536~gs.compute.log.92.09-09-2019_01:01 62875 INFO gs.openstack.server [ req-rq1a-vla0s-57sy1o ] Total usable memory: 92GB, total allocated memory: 2GB
L553~gs.compute.log.85.10-09-2019_02:36 28265 INFO gs.api.openstack.compute.wsgi [ req-l8ejk-kd1q-v7y98-pn4q2 ] Total usable disk: 85GB, total allocated disk: 6GB
L585~gs.compute.log.35.14-09-2019_00:38 16156 INFO gs.compute.resource_tracker [ req-glde-26ingz-0zrw5-1s9h6 ] Total usable memory: 35GB, total allocated memory: 8GB
L665~gs.compute.log.22.08-09-2019_05:50 51674 INFO gs.resource.manager [ req-xmgj-1zqaf-6g9t ] Total usable memory: 22GB, total allocated memory: 5GB
L668~gs.compute.log.41.03-09-2019_00:30 95563 INFO gs.openapi.server [ req-kyum-z210-cnklvu-o20nek-yn78p ] Total usable disk: 41GB, total allocated disk: 5GB
L713~gs.compute.log.81.06-09-2019_12:23 38996 INFO gs.api.openstack.compute.wsgi [ req-rpa9o-92h5-gd4ks ] Total usable memory: 81GB, total allocated memory: 5GB
L714~gs.compute.log.94.03-09-2019_01:03 80706 INFO gs.openstack.server [ req-hfujap-voa1-cnklvu ] Total usable memory: 94GB, total allocated memory: 6GB
L776~gs.compute.log.61.03-09-2019_06:13 47299 INFO gs.openstack.wsgi.server [ req-8ohnb-sn08-c5n1vy ] Total usable memory: 61GB, total allocated memory: 9GB
L957~gs.compute.log.80.05-09-2019_19:08 47743 INFO gs.openstack.server [ req-lx5g-f1zgu-4agu-u5qri ] Total usable memory: 80GB, total allocated memory: 9GB
L1000~gs.compute.log.38.03-09-2019_11:53 80376 INFO gs.resource.manager [ req-4uz8-ubec-rytxe8-8v3qyr ] Total usable disk: 38GB, total allocated disk: 4GB
L1030~gs.compute.log.24.07-09-2019_15:02 98101 INFO gs.resource.manager [ req-z210-cb8v-dr2nm-rpa9o-10wn ] Total usable memory: 24GB, total allocated memory: 8GB
